Chronologic VCS simulator copyright 1991-2015
Contains Synopsys proprietary information.
Compiler version K-2015.09_Full64; Runtime version K-2015.09_Full64;  Nov 30 21:59 2015
VCD+ Writer K-2015.09_Full64 Copyright (c) 1991-2015 by Synopsys Inc.
The file '/home/tianmili/classes/eecs470/projects/project4/two_threads/inter.vpd' was opened successfully.
           V C S   S i m u l a t i o n   R e p o r t 
Time: 000 ps
CPU Time:      0.060 seconds;       Data structure size:   0.6Mb
Mon Nov 30 21:59:40 2015
Chronologic VCS simulator copyright 1991-2015
Contains Synopsys proprietary information.
Compiler version K-2015.09_Full64; Runtime version K-2015.09_Full64;  Nov 30 21:59 2015
VCD+ Writer K-2015.09_Full64 Copyright (c) 1991-2015 by Synopsys Inc.
The file '/home/tianmili/classes/eecs470/projects/project4/two_threads/inter.vpd' was opened successfully.
@@
@@
@@                     0  Asserting System reset......
@@
@@                     0 : System STILL at reset, can't show anything
@@
@@
@@                   100 : System STILL at reset, can't show anything
@@
@@
@@                   200 : System STILL at reset, can't show anything
@@
@@
@@                   300 : System STILL at reset, can't show anything
@@
@@                   360  Deasserting System reset......
@@
@@
@@@
@@
@@  5000 cycles / 52 instrs = 96.153846 CPI
@@
@@  149970.00 ns total time to execute
@@

$finish called from file "test_bench/twothreads_testbench_pr.v", line 329.
$finish at simulation time               500360
Simulation complete, time is 50036000 ps.
Chronologic VCS simulator copyright 1991-2015
Contains Synopsys proprietary information.
Compiler version K-2015.09_Full64; Runtime version K-2015.09_Full64;  Nov 30 22:01 2015
VCD+ Writer K-2015.09_Full64 Copyright (c) 1991-2015 by Synopsys Inc.
The file '/home/tianmili/classes/eecs470/projects/project4/two_threads/inter.vpd' was opened successfully.
@@
@@
@@                     0  Asserting System reset......
@@
@@                     0 : System STILL at reset, can't show anything
@@
@@
@@                   100 : System STILL at reset, can't show anything
@@
@@
@@                   200 : System STILL at reset, can't show anything
@@
@@
@@                   300 : System STILL at reset, can't show anything
@@
@@                   360  Deasserting System reset......
@@
@@
@@@
@@
@@  5000 cycles / 52 instrs = 96.153846 CPI
@@
@@  149970.00 ns total time to execute
@@

$finish called from file "test_bench/twothreads_testbench_pr.v", line 329.
$finish at simulation time               500360
Simulation complete, time is 50036000 ps.
Chronologic VCS simulator copyright 1991-2015
Contains Synopsys proprietary information.
Compiler version K-2015.09_Full64; Runtime version K-2015.09_Full64;  Nov 30 22:05 2015
VCD+ Writer K-2015.09_Full64 Copyright (c) 1991-2015 by Synopsys Inc.
The file '/home/tianmili/classes/eecs470/projects/project4/two_threads/inter.vpd' was opened successfully.
@@
@@
@@                     0  Asserting System reset......
@@
@@                     0 : System STILL at reset, can't show anything
@@
@@
@@                   100 : System STILL at reset, can't show anything
@@
@@
@@                   200 : System STILL at reset, can't show anything
@@
@@
@@                   300 : System STILL at reset, can't show anything
@@
@@                   360  Deasserting System reset......
@@
@@
@@@
@@
@@  5000 cycles / 52 instrs = 96.153846 CPI
@@
@@  149970.00 ns total time to execute
@@

$finish called from file "test_bench/twothreads_testbench_pr.v", line 329.
$finish at simulation time               500360
Simulation complete, time is 50036000 ps.
Chronologic VCS simulator copyright 1991-2015
Contains Synopsys proprietary information.
Compiler version K-2015.09_Full64; Runtime version K-2015.09_Full64;  Nov 30 22:18 2015
VCD+ Writer K-2015.09_Full64 Copyright (c) 1991-2015 by Synopsys Inc.
The file '/home/tianmili/classes/eecs470/projects/project4/two_threads/inter.vpd' was opened successfully.
@@
@@
@@                     0  Asserting System reset......
@@
@@                     0 : System STILL at reset, can't show anything
@@
@@
@@                   100 : System STILL at reset, can't show anything
@@
@@
@@                   200 : System STILL at reset, can't show anything
@@
@@
@@                   300 : System STILL at reset, can't show anything
@@
@@                   360  Deasserting System reset......
@@
@@
@@@
@@
@@  5000 cycles / 52 instrs = 96.153846 CPI
@@
@@  149970.00 ns total time to execute
@@

$finish called from file "test_bench/twothreads_testbench_pr.v", line 329.
$finish at simulation time               500360
Simulation complete, time is 50036000 ps.
Chronologic VCS simulator copyright 1991-2015
Contains Synopsys proprietary information.
Compiler version K-2015.09_Full64; Runtime version K-2015.09_Full64;  Nov 30 22:22 2015
VCD+ Writer K-2015.09_Full64 Copyright (c) 1991-2015 by Synopsys Inc.
The file '/home/tianmili/classes/eecs470/projects/project4/two_threads/inter.vpd' was opened successfully.
@@
@@
@@                     0  Asserting System reset......
@@
@@                     0 : System STILL at reset, can't show anything
@@
@@
@@                   100 : System STILL at reset, can't show anything
@@
@@
@@                   200 : System STILL at reset, can't show anything
@@
@@
@@                   300 : System STILL at reset, can't show anything
@@
@@                   360  Deasserting System reset......
@@
@@
@@@
@@
@@  5000 cycles / 52 instrs = 96.153846 CPI
@@
@@  149970.00 ns total time to execute
@@

$finish called from file "test_bench/twothreads_testbench_pr.v", line 329.
$finish at simulation time               500360
Simulation complete, time is 50036000 ps.
