ucliGUI::start /home/zyuxuan/classes/eecs470/projects/project4/group7f15/one_thread/dve -ucligui +vc +define+ +memcbk
set ucliGUI::state
set ucliGUI::state
ucliCore::getToolPID
synopsys::env hasTB
trigger_hier_stack_context_switch 0
synUtils::setDVEInitPhase 1
synopsys::dump -type VPD -file /home/zyuxuan/classes/eecs470/projects/project4/group7f15/one_thread/inter.vpd -locking
synopsys::dump -autoflush on -fid VPD1
set ::dve_fid VPD1
synUtils::setDVEInitPhase 0
ucliCore::getToolPID
synUtils::sendTool -active _icl_setToolSocket /tmp/smlnpUHRz5I
synUtils::sendTool -active {_icl_start_rpc -version "K-2015.09_Full64" -sync_file /tmp/vcs_dve_rpc.zyuxuan.13831}
synUtils::sendTool -active {_icl_createSharedMemory /tmp/vcs_dve_general.zyuxuan.13831}
config endofsim noexit
config onfail enable all
config syscaddplainmembers
config syscaddsourcenames
config syscaddstructtypes
synopsys::listing -disable
# Begin_DVE_Session_Save_Info
# DVE restart session
# Saved on Thu Dec 10 13:27:51 2015
# Designs open: 1
#   Sim: /home/zyuxuan/classes/eecs470/projects/project4/group7f15/one_thread/dve
# Toplevel windows open: 2
# 	TopLevel.1
# 	TopLevel.2
#   Source.1: _vcs_unit__2200562257
#   Wave.1: 58 signals
#   Group count = 2
#   Group Group1 signal count = 58
#   Group Group2 signal count = 25
# End_DVE_Session_Save_Info
# DVE version: K-2015.09_Full64
# DVE build date: Aug 25 2015 21:36:02
#<Session mode="Restart" path=".restartSimSession.tcl" type="Debug">
# Application preferences
#<WindowLayout>
# DVE top-level session
# Create and position top-level window: TopLevel.1
set TopLevel.1 TopLevel.1
# Docked window settings
set HSPane.1 HSPane.1
set Hier.1 Hier.1
set DLPane.1 DLPane.1
set Data.1 Data.1
set Console.1 Console.1
# MDI window settings
set Source.1 Source.1
# End MDI window settings
# Create and position top-level window: TopLevel.2
set TopLevel.2 TopLevel.2
# Docked window settings
# MDI window settings
set Wave.1 Wave.1
# End MDI window settings
#</WindowLayout>
#<Database>
#</Database>
# DVE Global setting session:
# Global: Breakpoints
# Global: Bus
# Global: Expressions
# Global: Signal Time Shift
# Global: Signal Compare
# Global: Signal Groups
set _session_group_1 Group1
set Group1 "$_session_group_1"
set _session_group_2 Group2
set Group2 "$_session_group_2"
# Global: Highlighting
# Global: Stack
synopsys::xml {set_only_active_frame <data value="1" />}
# Post database loading setting...
# Save global setting...
# Wave/List view global setting
# Close all empty TopLevel windows
foreach __top [gui_ekki_get_window_ids -type TopLevel] {     if { [llength [gui_ekki_get_window_ids -parent $__top]] == 0} {         gui_close_window -window $__top     } }
# DVE View/pane content session:
# Hier 'Hier.1'
catch {gui_list_expand -id ${Hier.1} testbench}
catch {gui_list_expand -id ${Hier.1} testbench.processor_0}
catch {gui_list_select -id ${Hier.1} {testbench.processor_0.dca}}
# Data 'Data.1'
catch { gui_list_select -id ${Data.1} {testbench.processor_0.dca.Dmem2proc_response testbench.processor_0.dca.Dmem2proc_tag testbench.processor_0.dca.Dmem2proc_data testbench.processor_0.dca.proc2Dcache_addr testbench.processor_0.dca.proc2Dcache_command testbench.processor_0.dca.proc2Dcache_data testbench.processor_0.dca.proc2Dmem_command testbench.processor_0.dca.proc2Dmem_addr testbench.processor_0.dca.proc2Dmem_data testbench.processor_0.dca.Dcache2proc_data testbench.processor_0.dca.Dcache2proc_tag testbench.processor_0.dca.Dcache2proc_response testbench.processor_0.dca.Dcache_data_hit testbench.processor_0.dca.cachemem_data testbench.processor_0.dca.cachemem_valid testbench.processor_0.dca.cachemem_is_dirty testbench.processor_0.dca.cachemem_is_miss testbench.processor_0.dca.cachemem_is_full testbench.processor_0.dca.index testbench.processor_0.dca.tag testbench.processor_0.dca.read_enable testbench.processor_0.dca.write_enable testbench.processor_0.dca.write_data_to_Dcache testbench.processor_0.dca.mem_response testbench.processor_0.dca.mem_tag }}
# Source 'Source.1'
# View 'Wave.1'
set groupExD [gui_get_pref_value -category Wave -key exclusiveSG]
set origWaveHeight [gui_get_pref_value -category Wave -key waveRowHeight]
set origGroupCreationState [gui_list_create_group_when_add -wave]
ucliGUI::vpdAddHierarchy -scope testbench.processor_0.dca -depth 1 -file /home/zyuxuan/classes/eecs470/projects/project4/group7f15/one_thread/inter.vpd; synopsys::dump -flush VPD1
synopsys::dump -add {testbench.processor_0.dca.Dcache2proc_data testbench.processor_0.dca.Dcache2proc_response testbench.processor_0.dca.Dcache2proc_tag testbench.processor_0.dca.Dcache_data_hit testbench.processor_0.dca.Dmem2proc_data testbench.processor_0.dca.Dmem2proc_response testbench.processor_0.dca.Dmem2proc_tag testbench.processor_0.dca.cachemem_data testbench.processor_0.dca.cachemem_is_dirty testbench.processor_0.dca.cachemem_is_full testbench.processor_0.dca.cachemem_is_miss testbench.processor_0.dca.cachemem_valid testbench.processor_0.dca.dm.cache_is_full testbench.processor_0.dca.dm.clock testbench.processor_0.dca.dm.data_is_dirty testbench.processor_0.dca.dm.data_is_miss testbench.processor_0.dca.dm.data_is_valid testbench.processor_0.dca.dm.data_out testbench.processor_0.dca.dm.index_in testbench.processor_0.dca.dm.internal_data testbench.processor_0.dca.dm.internal_data_in testbench.processor_0.dca.dm.internal_dirty testbench.processor_0.dca.dm.internal_dirty_in testbench.processor_0.dca.dm.internal_load_inst testbench.processor_0.dca.dm.internal_load_inst_in testbench.processor_0.dca.dm.internal_response testbench.processor_0.dca.dm.internal_response_in testbench.processor_0.dca.dm.internal_store_inst testbench.processor_0.dca.dm.internal_store_inst_in testbench.processor_0.dca.dm.internal_tag testbench.processor_0.dca.dm.internal_tag_in testbench.processor_0.dca.dm.internal_valid testbench.processor_0.dca.dm.internal_valid_in testbench.processor_0.dca.dm.internal_way testbench.processor_0.dca.dm.internal_way_next testbench.processor_0.dca.dm.load_data_in testbench.processor_0.dca.dm.mem_response testbench.processor_0.dca.dm.mem_tag testbench.processor_0.dca.dm.read_data testbench.processor_0.dca.dm.read_enable testbench.processor_0.dca.dm.reset testbench.processor_0.dca.dm.store_data_out testbench.processor_0.dca.dm.tag_in testbench.processor_0.dca.dm.write_data_in testbench.processor_0.dca.dm.write_enable testbench.processor_0.dca.index testbench.processor_0.dca.mem_response testbench.processor_0.dca.mem_tag testbench.processor_0.dca.proc2Dcache_addr testbench.processor_0.dca.proc2Dcache_command testbench.processor_0.dca.proc2Dcache_data testbench.processor_0.dca.proc2Dmem_addr testbench.processor_0.dca.proc2Dmem_command testbench.processor_0.dca.proc2Dmem_data testbench.processor_0.dca.read_enable testbench.processor_0.dca.tag testbench.processor_0.dca.write_data_to_Dcache testbench.processor_0.dca.write_enable } -aggregates  -fid VPD1
if {$origGroupCreationState} { 	gui_list_create_group_when_add -wave -enable }
if { $groupExD } {  gui_msg_report -code DVWW028 }
# Restore toplevel window zorder
# The toplevel window could be closed if it has no view/pane
if {[gui_exist_window -window ${TopLevel.1}]} { 	gui_set_active_window -window ${TopLevel.1} 	gui_set_active_window -window ${Source.1} 	gui_set_active_window -window ${DLPane.1} }
if {[gui_exist_window -window ${TopLevel.2}]} { 	gui_set_active_window -window ${TopLevel.2} 	gui_set_active_window -window ${Wave.1} }
#</Session>
synopsys::run
set ucliGUI::state
set ucliGUI::state
set ucliGUI::state
set ucliGUI::state
