13:27:51    66 --> ...                                                                  [tcl] ucliGUI::start /home/zyuxuan/classes/eecs470/projects/project4/group7f15/one_thread/dve -ucligui +vc +define+ +memcbk
13:27:51    67 --> ...                                                                      [tcl] set ucliGUI::state
13:27:51    68 --> ...                                                                          [tcl] gui_update_simulator_buttons
13:27:52    69 --> ...                                                                              [tcl] set ucliGUI::state
13:27:52    70 --> ...                                                                                  [tcl] ucliCore::getToolPID
13:27:52    71 --> ...                                                                                      [tcl] synopsys::env hasTB
13:27:52    72 --> ...                                                                                          [tcl] trigger_hier_stack_context_switch 0
13:27:52    73 --> ...                                                                                              [tcl] synUtils::setDVEInitPhase 1
13:27:52    74 --> ...                                                                                                  [tcl] gui_get_env SIMSETUP::SIMVPD
13:27:52    75 --> ...  [tcl] synopsys::dump -type VPD -file /home/zyuxuan/classes/eecs470/projects/project4/group7f15/one_thread/inter.vpd -locking
13:27:52    76 --> ...      [tcl] synopsys::dump -autoflush on -fid VPD1
13:27:52    77 --> ...          [tcl] set ::dve_fid VPD1
13:27:52    78 --> ...              [tcl] synUtils::setDVEInitPhase 0
13:27:52    79 --> ...                  [tcl] ucliCore::getToolPID
13:27:52    80 --> ...                      [tcl] synUtils::sendTool -active _icl_setToolSocket /tmp/smlnpUHRz5I
13:27:52    81 --> ...                          [tcl] synUtils::sendTool -active {_icl_start_rpc -version "K-2015.09_Full64" -sync_file /tmp/vcs_dve_rpc.zyuxuan.13831}
13:27:52    82 --> ...                              [tcl] synUtils::sendTool -active {_icl_createSharedMemory /tmp/vcs_dve_general.zyuxuan.13831}
13:27:52    83 --> ...                                  [tcl] config endofsim noexit
13:27:52    84 --> ...                                      [tcl] config onfail enable all
13:27:52    85 --> ...                                          [tcl] config syscaddplainmembers
13:27:52    86 --> ...                                              [tcl] config syscaddsourcenames
13:27:52    87 --> ...                                                  [tcl] config syscaddstructtypes
13:27:52    88 --> ...                                                      [tcl] synopsys::listing -disable
13:27:52    89 --> ...                                                          [tcl] # Begin_DVE_Session_Save_Info
13:27:52    90 --> ...                                                              [tcl] # DVE restart session
13:27:52    91 --> ...                                                                  [tcl] # Saved on Thu Dec 10 13:27:51 2015
13:27:52    92 --> ...                                                                      [tcl] # Designs open: 1
13:27:52    93 --> ...                                                                          [tcl] #   Sim: /home/zyuxuan/classes/eecs470/projects/project4/group7f15/one_thread/dve
13:27:52    94 --> ...                                                                              [tcl] # Toplevel windows open: 2
13:27:52    95 --> ...                                                                                  [tcl] # 	TopLevel.1
13:27:52    96 --> ...                                                                                      [tcl] # 	TopLevel.2
13:27:52    97 --> ...                                                                                          [tcl] #   Source.1: _vcs_unit__2200562257
13:27:52    98 --> ...                                                                                              [tcl] #   Wave.1: 58 signals
13:27:52    99 --> ...                                                                                                  [tcl] #   Group count = 2
13:27:52    100 --> ...  [tcl] #   Group Group1 signal count = 58
13:27:52    101 --> ...      [tcl] #   Group Group2 signal count = 25
13:27:52    102 --> ...          [tcl] # End_DVE_Session_Save_Info
13:27:52    103 --> ...              [tcl] # DVE version: K-2015.09_Full64
13:27:52    104 --> ...                  [tcl] # DVE build date: Aug 25 2015 21:36:02
13:27:52    105 --> ...                      [tcl] #<Session mode="Restart" path=".restartSimSession.tcl" type="Debug">
13:27:52    106 --> ...                          [tcl] gui_set_loading_session_type Restart
13:27:52    107 --> ...                              [tcl] gui_continuetime_set
13:27:52    108 --> ...                                  [tcl] gui_clear_window -type Wave
13:27:52    109 --> ...                                      [tcl] gui_clear_window -type List
13:27:52    110 --> ...                                          [tcl] # Application preferences
13:27:52    111 --> ...                                              [tcl] gui_set_pref_value -key app_default_font -value {Helvetica,10,-1,5,50,0,0,0,0,0}
13:27:52    112 --> ...                                                  [tcl] gui_src_preferences -tabstop 8 -maxbits 24 -windownumber 1
13:27:52    113 --> ...                                                      [tcl] #<WindowLayout>
13:27:52    114 --> ...                                                          [tcl] # DVE top-level session
13:27:52    115 --> ...                                                              [tcl] # Create and position top-level window: TopLevel.1
13:27:52    116 --> ...                                                                  [tcl] set TopLevel.1 TopLevel.1
13:27:52    117 --> ...                                                                      [tcl] # Docked window settings
13:27:52    118 --> ...                                                                          [tcl] set HSPane.1 HSPane.1
13:27:52    119 --> ...                                                                              [tcl] set Hier.1 Hier.1
13:27:52    120 --> ...                                                                                  [tcl] set DLPane.1 DLPane.1
13:27:52    121 --> ...                                                                                      [tcl] set Data.1 Data.1
13:27:52    122 --> ...                                                                                          [tcl] set Console.1 Console.1
13:27:52    123 --> ...                                                                                              [tcl] gui_sync_global -id ${TopLevel.1} -option true
13:27:52    124 --> ...                                                                                                  [tcl] # MDI window settings
13:27:52    125 --> ...  [tcl] set Source.1 Source.1
13:27:52    126 --> ...      [tcl] gui_update_layout -id ${Source.1} {{show_state maximized} {dock_state undocked} {dock_on_new_line false}}
13:27:52    127 --> ...          [tcl] # End MDI window settings
13:27:52    128 --> ...              [tcl] # Create and position top-level window: TopLevel.2
13:27:52    129 --> ...                  [tcl] set TopLevel.2 TopLevel.2
13:27:52    130 --> ...                      [tcl] # Docked window settings
13:27:52    131 --> ...                          [tcl] gui_sync_global -id ${TopLevel.2} -option true
13:27:52    132 --> ...                              [tcl] # MDI window settings
13:27:52    133 --> ...                                  [tcl] set Wave.1 Wave.1
13:27:52    134 --> ...                                      [tcl] gui_update_layout -id ${Wave.1} {{show_state maximized} {dock_state undocked} {dock_on_new_line false} {child_wave_left 714} {child_wave_right 1743} {child_wave_colname 355} {child_wave_colvalue 355} {child_wave_col1 0} {child_wave_col2 1}}
13:27:52    135 --> ...                                          [tcl] # End MDI window settings
13:27:52    136 --> ...                                              [tcl] #</WindowLayout>
13:27:52    137 --> ...                                                  [tcl] #<Database>
13:27:52    138 --> ...                                                      [tcl] gui_set_precision 100ps
13:27:52    139 --> ...                                                          [tcl] gui_set_time_units 100ps
13:27:52    140 --> ...                                                              [tcl] #</Database>
13:27:52    141 --> ...                                                                  [tcl] # DVE Global setting session:
13:27:52    142 --> ...                                                                      [tcl] # Global: Breakpoints
13:27:52    143 --> ...                                                                          [tcl] # Global: Bus
13:27:52    144 --> ...                                                                              [tcl] # Global: Expressions
13:27:52    145 --> ...                                                                                  [tcl] # Global: Signal Time Shift
13:27:52    146 --> ...                                                                                      [tcl] # Global: Signal Compare
13:27:52    147 --> ...                                                                                          [tcl] # Global: Signal Groups
13:27:52    148 --> ...                                                                                              [tcl] set _session_group_1 Group1
13:27:52    149 --> ...                                                                                                  [tcl] gui_sg_create "$_session_group_1"
13:27:52    150 --> ...  [tcl] set Group1 "$_session_group_1"
13:27:52    151 --> ...      [tcl] gui_sg_addsignal -group "$_session_group_1" { testbench.processor_0.dca.dm.clock testbench.processor_0.dca.dm.reset testbench.processor_0.dca.dm.index_in testbench.processor_0.dca.dm.tag_in testbench.processor_0.dca.dm.read_enable testbench.processor_0.dca.dm.write_enable testbench.processor_0.dca.dm.write_data_in testbench.processor_0.dca.dm.mem_response testbench.processor_0.dca.dm.mem_tag testbench.processor_0.dca.dm.load_data_in testbench.processor_0.dca.dm.store_data_out testbench.processor_0.dca.dm.data_is_valid testbench.processor_0.dca.dm.data_is_dirty testbench.processor_0.dca.dm.data_is_miss testbench.processor_0.dca.dm.cache_is_full testbench.processor_0.dca.dm.data_out testbench.processor_0.dca.dm.internal_data testbench.processor_0.dca.dm.internal_data_in testbench.processor_0.dca.dm.internal_tag testbench.processor_0.dca.dm.internal_tag_in testbench.processor_0.dca.dm.internal_valid testbench.processor_0.dca.dm.internal_valid_in testbench.processor_0.dca.dm.internal_dirty testbench.processor_0.dca.dm.internal_dirty_in testbench.processor_0.dca.dm.internal_response testbench.processor_0.dca.dm.internal_response_in testbench.processor_0.dca.dm.internal_load_inst testbench.processor_0.dca.dm.internal_load_inst_in testbench.processor_0.dca.dm.internal_store_inst testbench.processor_0.dca.dm.internal_store_inst_in testbench.processor_0.dca.dm.read_data testbench.processor_0.dca.dm.internal_way testbench.processor_0.dca.dm.internal_way_next testbench.processor_0.dca.Dmem2proc_response testbench.processor_0.dca.Dmem2proc_tag testbench.processor_0.dca.Dmem2proc_data testbench.processor_0.dca.proc2Dcache_addr testbench.processor_0.dca.proc2Dcache_command testbench.processor_0.dca.proc2Dcache_data testbench.processor_0.dca.proc2Dmem_command testbench.processor_0.dca.proc2Dmem_addr testbench.processor_0.dca.proc2Dmem_data testbench.processor_0.dca.Dcache2proc_data testbench.processor_0.dca.Dcache2proc_tag testbench.processor_0.dca.Dcache2proc_response testbench.processor_0.dca.Dcache_data_hit testbench.processor_0.dca.cachemem_data testbench.processor_0.dca.cachemem_valid testbench.processor_0.dca.cachemem_is_dirty testbench.processor_0.dca.cachemem_is_miss testbench.processor_0.dca.cachemem_is_full testbench.processor_0.dca.index testbench.processor_0.dca.tag testbench.processor_0.dca.read_enable testbench.processor_0.dca.write_enable testbench.processor_0.dca.write_data_to_Dcache testbench.processor_0.dca.mem_response testbench.processor_0.dca.mem_tag }
13:27:52    152 --> ...          [tcl] set _session_group_2 Group2
13:27:52    153 --> ...              [tcl] gui_sg_create "$_session_group_2"
13:27:52    154 --> ...                  [tcl] set Group2 "$_session_group_2"
13:27:52    155 --> ...                      [tcl] gui_sg_addsignal -group "$_session_group_2" { testbench.processor_0.dca.Dmem2proc_response testbench.processor_0.dca.Dmem2proc_tag testbench.processor_0.dca.Dmem2proc_data testbench.processor_0.dca.proc2Dcache_addr testbench.processor_0.dca.proc2Dcache_command testbench.processor_0.dca.proc2Dcache_data testbench.processor_0.dca.proc2Dmem_command testbench.processor_0.dca.proc2Dmem_addr testbench.processor_0.dca.proc2Dmem_data testbench.processor_0.dca.Dcache2proc_data testbench.processor_0.dca.Dcache2proc_tag testbench.processor_0.dca.Dcache2proc_response testbench.processor_0.dca.Dcache_data_hit testbench.processor_0.dca.cachemem_data testbench.processor_0.dca.cachemem_valid testbench.processor_0.dca.cachemem_is_dirty testbench.processor_0.dca.cachemem_is_miss testbench.processor_0.dca.cachemem_is_full testbench.processor_0.dca.index testbench.processor_0.dca.tag testbench.processor_0.dca.read_enable testbench.processor_0.dca.write_enable testbench.processor_0.dca.write_data_to_Dcache testbench.processor_0.dca.mem_response testbench.processor_0.dca.mem_tag }
13:27:52    156 --> ...                          [tcl] # Global: Highlighting
13:27:52    157 --> ...                              [tcl] # Global: Stack
13:27:52    158 --> ...                                  [tcl] gui_change_stack_mode -mode list
13:27:52    159 --> ...                                      [tcl] synopsys::xml {set_only_active_frame <data value="1" />}
13:27:52    160 --> ...                                          [tcl] # Post database loading setting...
13:27:52    161 --> ...                                              [tcl] # Save global setting...
13:27:52    162 --> ...                                                  [tcl] # Wave/List view global setting
13:27:52    163 --> ...                                                      [tcl] gui_cov_show_value -switch false
13:27:52    164 --> ...                                                          [tcl] # Close all empty TopLevel windows
13:27:52    165 --> ...                                                              [tcl] foreach __top [gui_ekki_get_window_ids -type TopLevel] {     if { [llength [gui_ekki_get_window_ids -parent $__top]] == 0} {         gui_close_window -window $__top     } }
13:27:52    166 --> ...                                                                  [tcl] gui_set_loading_session_type noSession
13:27:52    167 --> ...                                                                      [tcl] # DVE View/pane content session:
13:27:52    168 --> ...                                                                          [tcl] # Hier 'Hier.1'
13:27:52    169 --> ...                                                                              [tcl] gui_show_window -window ${Hier.1}
13:27:52    170 --> ...                                                                                  [tcl] gui_list_set_filter -id ${Hier.1} -list { {Package 1} {All 0} {Process 1} {VirtPowSwitch 0} {UnnamedProcess 1} {UDP 0} {Function 1} {Block 1} {SrsnAndSpaCell 0} {OVA Unit 1} {LeafScCell 1} {LeafVlgCell 1} {Interface 1} {LeafVhdCell 1} {$unit 1} {NamedBlock 1} {Task 1} {VlgPackage 1} {ClassDef 1} {VirtIsoCell 0} }
13:27:52    171 --> ...                                                                                      [tcl] gui_list_set_filter -id ${Hier.1} -text {*}
13:27:52    172 --> ...                                                                                          [tcl] gui_change_design -id ${Hier.1} -design Sim
13:27:52    173 --> ...                                                                                              [tcl] catch {gui_list_expand -id ${Hier.1} testbench}
13:27:52    174 --> ...                                                                                                  [tcl] catch {gui_list_expand -id ${Hier.1} testbench.processor_0}
13:27:52    175 --> ...  [tcl] catch {gui_list_select -id ${Hier.1} {testbench.processor_0.dca}}
13:27:52    176 --> ...      [tcl] dveMisc::vbusExpand testbench.processor_0.dca
13:27:52    177 --> ...          [tcl] gui_view_scroll -id ${Hier.1} -vertical -set 0
13:27:52    178 --> ...              [tcl] gui_view_scroll -id ${Hier.1} -horizontal -set 0
13:27:52    179 --> ...                  [tcl] # Data 'Data.1'
13:27:52    180 --> ...                      [tcl] gui_list_set_filter -id ${Data.1} -list { {Buffer 1} {Input 1} {Others 1} {Linkage 1} {Output 1} {LowPower 1} {Parameter 1} {All 1} {Aggregate 1} {LibBaseMember 1} {Event 1} {Assertion 1} {Constant 1} {Interface 1} {BaseMembers 1} {Signal 1} {$unit 1} {Inout 1} {Variable 1} }
13:27:52    181 --> ...                          [tcl] gui_list_set_filter -id ${Data.1} -text {*}
13:27:52    182 --> ...                              [tcl] gui_list_show_data -id ${Data.1} {testbench.processor_0.dca}
13:27:52    183 --> ...                                  [tcl] gui_show_window -window ${Data.1}
13:27:52    184 --> ...                                      [tcl] catch { gui_list_select -id ${Data.1} {testbench.processor_0.dca.Dmem2proc_response testbench.processor_0.dca.Dmem2proc_tag testbench.processor_0.dca.Dmem2proc_data testbench.processor_0.dca.proc2Dcache_addr testbench.processor_0.dca.proc2Dcache_command testbench.processor_0.dca.proc2Dcache_data testbench.processor_0.dca.proc2Dmem_command testbench.processor_0.dca.proc2Dmem_addr testbench.processor_0.dca.proc2Dmem_data testbench.processor_0.dca.Dcache2proc_data testbench.processor_0.dca.Dcache2proc_tag testbench.processor_0.dca.Dcache2proc_response testbench.processor_0.dca.Dcache_data_hit testbench.processor_0.dca.cachemem_data testbench.processor_0.dca.cachemem_valid testbench.processor_0.dca.cachemem_is_dirty testbench.processor_0.dca.cachemem_is_miss testbench.processor_0.dca.cachemem_is_full testbench.processor_0.dca.index testbench.processor_0.dca.tag testbench.processor_0.dca.read_enable testbench.processor_0.dca.write_enable testbench.processor_0.dca.write_data_to_Dcache testbench.processor_0.dca.mem_response testbench.processor_0.dca.mem_tag }}
13:27:52    185 --> ...                                          [tcl] gui_view_scroll -id ${Data.1} -vertical -set 0
13:27:52    186 --> ...                                              [tcl] gui_view_scroll -id ${Data.1} -horizontal -set 0
13:27:52    187 --> ...                                                  [tcl] gui_view_scroll -id ${Hier.1} -vertical -set 0
13:27:52    188 --> ...                                                      [tcl] gui_view_scroll -id ${Hier.1} -horizontal -set 0
13:27:52    189 --> ...                                                          [tcl] # Source 'Source.1'
13:27:52    190 --> ...                                                              [tcl] gui_src_value_annotate -id ${Source.1} -switch false
13:27:52    191 --> ...                                                                  [tcl] gui_set_env TOGGLE::VALUEANNOTATE 0
13:27:52    192 --> ...                                                                      [tcl] gui_open_source -id ${Source.1}  -replace -active _vcs_unit__2200562257 /home/zyuxuan/classes/eecs470/projects/project4/group7f15/one_thread/sys_defs.vh
13:27:52    193 --> ...                                                                          [tcl] gui_src_value_annotate -id ${Source.1} -switch true
13:27:52    194 --> ...                                                                              [tcl] dveMisc::vbusExpand _vcs_unit__2200562257
13:27:52    195 --> ...                                                                                  [tcl] gui_set_env TOGGLE::VALUEANNOTATE 1
13:27:52    196 --> ...                                                                                      [tcl] gui_view_scroll -id ${Source.1} -vertical -set 0
13:27:52    197 --> ...                                                                                          [tcl] gui_src_set_reusable -id ${Source.1}
13:27:52    198 --> ...                                                                                              [tcl] # View 'Wave.1'
13:27:52    199 --> ...                                                                                                  [tcl] gui_wv_sync -id ${Wave.1} -switch false
13:27:52    200 --> ...  [tcl] set groupExD [gui_get_pref_value -category Wave -key exclusiveSG]
13:27:52    201 --> ...      [tcl] gui_set_pref_value -category Wave -key exclusiveSG -value {false}
13:27:52    202 --> ...          [tcl] set origWaveHeight [gui_get_pref_value -category Wave -key waveRowHeight]
13:27:52    203 --> ...              [tcl] gui_list_set_height -id Wave -height 25
13:27:52    204 --> ...                  [tcl] set origGroupCreationState [gui_list_create_group_when_add -wave]
13:27:52    205 --> ...                      [tcl] gui_list_create_group_when_add -wave -disable
13:27:52    206 --> ...                          [tcl] gui_wv_zoom_timerange -id ${Wave.1} 1834 11018
13:27:52    207 --> ...                              [tcl] gui_list_add_group -id ${Wave.1} -after {New Group} {Group1}
13:27:52    208 --> ...                                  [tcl] ucliGUI::vpdAddHierarchy -scope testbench.processor_0.dca -depth 1 -file /home/zyuxuan/classes/eecs470/projects/project4/group7f15/one_thread/inter.vpd; synopsys::dump -flush VPD1
13:27:52    209 --> ...                                      [tcl] synopsys::dump -add {testbench.processor_0.dca.Dcache2proc_data testbench.processor_0.dca.Dcache2proc_response testbench.processor_0.dca.Dcache2proc_tag testbench.processor_0.dca.Dcache_data_hit testbench.processor_0.dca.Dmem2proc_data testbench.processor_0.dca.Dmem2proc_response testbench.processor_0.dca.Dmem2proc_tag testbench.processor_0.dca.cachemem_data testbench.processor_0.dca.cachemem_is_dirty testbench.processor_0.dca.cachemem_is_full testbench.processor_0.dca.cachemem_is_miss testbench.processor_0.dca.cachemem_valid testbench.processor_0.dca.dm.cache_is_full testbench.processor_0.dca.dm.clock testbench.processor_0.dca.dm.data_is_dirty testbench.processor_0.dca.dm.data_is_miss testbench.processor_0.dca.dm.data_is_valid testbench.processor_0.dca.dm.data_out testbench.processor_0.dca.dm.index_in testbench.processor_0.dca.dm.internal_data testbench.processor_0.dca.dm.internal_data_in testbench.processor_0.dca.dm.internal_dirty testbench.processor_0.dca.dm.internal_dirty_in testbench.processor_0.dca.dm.internal_load_inst testbench.processor_0.dca.dm.internal_load_inst_in testbench.processor_0.dca.dm.internal_response testbench.processor_0.dca.dm.internal_response_in testbench.processor_0.dca.dm.internal_store_inst testbench.processor_0.dca.dm.internal_store_inst_in testbench.processor_0.dca.dm.internal_tag testbench.processor_0.dca.dm.internal_tag_in testbench.processor_0.dca.dm.internal_valid testbench.processor_0.dca.dm.internal_valid_in testbench.processor_0.dca.dm.internal_way testbench.processor_0.dca.dm.internal_way_next testbench.processor_0.dca.dm.load_data_in testbench.processor_0.dca.dm.mem_response testbench.processor_0.dca.dm.mem_tag testbench.processor_0.dca.dm.read_data testbench.processor_0.dca.dm.read_enable testbench.processor_0.dca.dm.reset testbench.processor_0.dca.dm.store_data_out testbench.processor_0.dca.dm.tag_in testbench.processor_0.dca.dm.write_data_in testbench.processor_0.dca.dm.write_enable testbench.processor_0.dca.index testbench.processor_0.dca.mem_response testbench.processor_0.dca.mem_tag testbench.processor_0.dca.proc2Dcache_addr testbench.processor_0.dca.proc2Dcache_command testbench.processor_0.dca.proc2Dcache_data testbench.processor_0.dca.proc2Dmem_addr testbench.processor_0.dca.proc2Dmem_command testbench.processor_0.dca.proc2Dmem_data testbench.processor_0.dca.read_enable testbench.processor_0.dca.tag testbench.processor_0.dca.write_data_to_Dcache testbench.processor_0.dca.write_enable } -aggregates  -fid VPD1
13:27:52    210 --> ...                                          [tcl] gui_seek_criteria -id ${Wave.1} {Any Edge}
13:27:52    211 --> ...                                              [tcl] gui_set_env TOGGLE::DEFAULT_WAVE_WINDOW ${Wave.1}
13:27:52    212 --> ...                                                  [tcl] gui_set_pref_value -category Wave -key exclusiveSG -value $groupExD
13:27:52    213 --> ...                                                      [tcl] gui_list_set_height -id Wave -height $origWaveHeight
13:27:52    214 --> ...                                                          [tcl] if {$origGroupCreationState} { 	gui_list_create_group_when_add -wave -enable }
13:27:52    215 --> ...                                                              [tcl] if { $groupExD } {  gui_msg_report -code DVWW028 }
13:27:52    216 --> ...                                                                  [tcl] gui_list_set_filter -id ${Wave.1} -list { {Buffer 1} {Input 1} {Others 1} {Linkage 1} {Output 1} {Parameter 1} {All 1} {Aggregate 1} {LibBaseMember 1} {Event 1} {Assertion 1} {Constant 1} {Interface 1} {BaseMembers 1} {Signal 1} {$unit 1} {Inout 1} {Variable 1} }
13:27:52    217 --> ...                                                                      [tcl] gui_list_set_filter -id ${Wave.1} -text {*}
13:27:52    218 --> ...                                                                          [tcl] gui_list_set_insertion_bar  -id ${Wave.1} -group Group1  -position in
13:27:52    219 --> ...                                                                              [tcl] gui_view_scroll -id ${Wave.1} -vertical -set 0
13:27:52    220 --> ...                                                                                  [tcl] gui_show_grid -id ${Wave.1} -enable false
13:27:52    221 --> ...                                                                                      [tcl] # Restore toplevel window zorder
13:27:52    222 --> ...                                                                                          [tcl] # The toplevel window could be closed if it has no view/pane
13:27:52    223 --> ...                                                                                              [tcl] if {[gui_exist_window -window ${TopLevel.1}]} { 	gui_set_active_window -window ${TopLevel.1} 	gui_set_active_window -window ${Source.1} 	gui_set_active_window -window ${DLPane.1} }
13:27:52    224 --> ...                                                                                                  [tcl] if {[gui_exist_window -window ${TopLevel.2}]} { 	gui_set_active_window -window ${TopLevel.2} 	gui_set_active_window -window ${Wave.1} }
13:27:52    225 --> ...  [tcl] #</Session>
13:27:56    226 --> ...      [tcl] synopsys::run
13:27:56    227 --> ...          [tcl] set ucliGUI::state
13:27:56    228 --> ...              [tcl] set ucliGUI::state
13:27:56    229 --> ...                  [tcl] gui_update_simulator_buttons
13:27:56    230 --> ...                      [tcl] set ucliGUI::state
13:27:56    231 --> ...                          [tcl] set ucliGUI::state
13:27:56    232 --> ...                              [tcl] catch {senv activeDomain} dveMisc::result 
13:27:56    233 --> ...                                  [tcl] set dveMisc::result
13:27:56    234 --> ...                                      [tcl] gui_update_simulator_buttons
