# Preference setting overrides
gui_create_pref_key -category {Globals} -key {load_detail_for_funcov} -value_type {bool} -value {false}
gui_set_pref_value -category {Source} -key {value_annotate} -value {true}

# State setting overrides
gui_state_default_create -off -ini
gui_set_state_value -category Globals -key recent_sessions -value {{gui_load_session -ignore_errors -file /home/zyuxuan/classes/eecs470/projects/project4/group7f15/two_threads/pc.tcl -ignore_errors} {gui_load_session -ignore_errors -file /home/zyuxuan/classes/eecs470/projects/project4/pc.tcl -ignore_errors} {gui_load_session -ignore_errors -file /home/zyuxuan/classes/eecs470/projects/project4/pc.tcl} {gui_load_session -ignore_errors -file /home/zyuxuan/classes/eecs470/projects/project4/group7f15/lsq_full.tcl} {gui_load_session -ignore_errors -file /home/zyuxuan/classes/eecs470/labs/lab1/a.inter.vpd.tcl}}
gui_set_state_value -category Layout -key child_console_size_x -value 2493
gui_set_state_value -category Layout -key child_console_size_y -value 170
gui_set_state_value -category Layout -key child_data_coltype -value 175
gui_set_state_value -category Layout -key child_data_colvalue -value 146
gui_set_state_value -category Layout -key child_data_colvariable -value 328
gui_set_state_value -category Layout -key child_data_size_x -value 649
gui_set_state_value -category Layout -key child_data_size_y -value 1075
gui_set_state_value -category Layout -key child_driver_size_x -value 2213
gui_set_state_value -category Layout -key child_driver_size_y -value 179
gui_set_state_value -category Layout -key child_hier_col3 -value {-1}
gui_set_state_value -category Layout -key child_hier_colhier -value 323
gui_set_state_value -category Layout -key child_hier_colpd -value 0
gui_set_state_value -category Layout -key child_hier_coltype -value 184
gui_set_state_value -category Layout -key child_hier_size_x -value 455
gui_set_state_value -category Layout -key child_hier_size_y -value 1075
gui_set_state_value -category Layout -key child_schematic_docknewline -value false
gui_set_state_value -category Layout -key child_schematic_pos_x -value {-2}
gui_set_state_value -category Layout -key child_schematic_pos_y -value {-18}
gui_set_state_value -category Layout -key child_schematic_size_x -value 727
gui_set_state_value -category Layout -key child_schematic_size_y -value 555
gui_set_state_value -category Layout -key child_source_docknewline -value false
gui_set_state_value -category Layout -key child_source_pos_x -value {-2}
gui_set_state_value -category Layout -key child_source_pos_y -value {-18}
gui_set_state_value -category Layout -key child_source_size_x -value 1392
gui_set_state_value -category Layout -key child_source_size_y -value 1071
gui_set_state_value -category Layout -key child_wave_colname -value 355
gui_set_state_value -category Layout -key child_wave_colvalue -value 356
gui_set_state_value -category Layout -key child_wave_docknewline -value false
gui_set_state_value -category Layout -key child_wave_left -value 715
gui_set_state_value -category Layout -key child_wave_pos_x -value {-2}
gui_set_state_value -category Layout -key child_wave_pos_y -value {-18}
gui_set_state_value -category Layout -key child_wave_right -value 1743
gui_set_state_value -category Layout -key child_wave_size_x -value 1797
gui_set_state_value -category Layout -key child_wave_size_y -value 932
gui_set_state_value -category Layout -key main_pos_x -value 48
gui_set_state_value -category Layout -key main_pos_y -value 79
gui_set_state_value -category Layout -key main_size_x -value 2541
gui_set_state_value -category Layout -key main_size_y -value 1413
gui_set_state_value -category Layout -key stand_source_child_docknewline -value false
gui_set_state_value -category Layout -key stand_source_child_pos_x -value {-2}
gui_set_state_value -category Layout -key stand_source_child_pos_y -value {-18}
gui_set_state_value -category Layout -key stand_source_child_size_x -value 778
gui_set_state_value -category Layout -key stand_source_child_size_y -value 555
gui_set_state_value -category Layout -key stand_wave_child_docknewline -value false
gui_set_state_value -category Layout -key stand_wave_child_pos_x -value {-2}
gui_set_state_value -category Layout -key stand_wave_child_pos_y -value {-18}
gui_set_state_value -category Layout -key stand_wave_child_size_x -value 2468
gui_set_state_value -category Layout -key stand_wave_child_size_y -value 1230
gui_set_state_value -category Layout -key stand_wave_top_pos_x -value 95
gui_set_state_value -category Layout -key stand_wave_top_pos_y -value 90
gui_set_state_value -category Layout -key stand_wave_top_size_x -value 2558
gui_set_state_value -category Layout -key stand_wave_top_size_y -value 1413
gui_create_state_key -category FindDialog -key m_pMatchCase -value_type bool -value false
gui_create_state_key -category FindDialog -key m_pMatchWord -value_type bool -value false
gui_create_state_key -category FindDialog -key m_pUseCombo -value_type string -value {}
gui_create_state_key -category FindDialog -key m_pWrapAround -value_type bool -value true
gui_create_state_key -category Widget_History -key TopLevel.1|qt_left_dock|DockWnd2|DLPane.1|pages|Data.1|hbox|textfilter -value_type string -value {clock *Imem2proc_valid *ROB_commit2_wr_en *ROB_commit1_wr_en}
gui_create_state_key -category Widget_History -key TopLevel.1|qt_left_dock|DockWnd4|DLPane.1|pages|Data.1|hbox|textfilter -value_type string -value {proc2Icache_addr next_PC_out}
gui_create_state_key -category Widget_History -key TopLevel.2|EkTopVbox|wndWorkspace|qt_workspacechild2|Wave.1|left|filterVBox|controlHBox|unnamed -value_type string -value *Imem2proc_valid
gui_state_default_create -off

# Begin command logging
gui_sim_run Ucli -exe dve -args {-ucligui  +vc +define+ +memcbk} -dir .
gui_list_expand -id  Hier.1   testbench
gui_list_select -id Hier.1 -current_item_name testbench.memory -current_item_type Scope  -selected  { testbench.memory   }
gui_list_select -id Data.1 -selected  { testbench.memory.clock   }
gui_list_expand -id  Hier.1   testbench.memory
gui_list_collapse -id  Hier.1   testbench.memory
gui_list_select -id Hier.1 -current_item_name testbench.processor_0 -current_item_type Scope  -selected  { testbench.processor_0   }
gui_list_expand -id  Hier.1   testbench.processor_0
gui_list_select -id Hier.1 -current_item_name testbench.processor_0.dca -current_item_type Scope  -selected  { testbench.processor_0.dca   }
gui_list_expand -id  Hier.1   testbench.processor_0.dca
gui_list_select -id Hier.1 -current_item_name testbench.processor_0.dca.dm -current_item_type Scope  -selected  { testbench.processor_0.dca.dm   }
gui_list_select -id Data.1 -selected  { testbench.processor_0.dca.dm.clock   }
gui_list_select -id Data.1 { testbench.processor_0.dca.dm.reset  {testbench.processor_0.dca.dm.index_in[3:0]}  {testbench.processor_0.dca.dm.tag_in[56:0]}  testbench.processor_0.dca.dm.read_enable  testbench.processor_0.dca.dm.write_enable  {testbench.processor_0.dca.dm.write_data_in[63:0]}  {testbench.processor_0.dca.dm.mem_response[3:0]}  {testbench.processor_0.dca.dm.mem_tag[3:0]}  {testbench.processor_0.dca.dm.load_data_in[63:0]}  {testbench.processor_0.dca.dm.store_data_out[63:0]}  testbench.processor_0.dca.dm.data_is_valid  testbench.processor_0.dca.dm.data_is_dirty  testbench.processor_0.dca.dm.data_is_miss  testbench.processor_0.dca.dm.cache_is_full  {testbench.processor_0.dca.dm.data_out[63:0]}  {testbench.processor_0.dca.dm.internal_data[15:0][1:0][63:0]}  {testbench.processor_0.dca.dm.internal_data_in[15:0][1:0][63:0]}  {testbench.processor_0.dca.dm.internal_tag[15:0][1:0][56:0]}  {testbench.processor_0.dca.dm.internal_tag_in[15:0][1:0][56:0]}  {testbench.processor_0.dca.dm.internal_valid[15:0][1:0]}  {testbench.processor_0.dca.dm.internal_valid_in[15:0][1:0]}  {testbench.processor_0.dca.dm.internal_dirty[15:0][1:0]}  {testbench.processor_0.dca.dm.internal_dirty_in[15:0][1:0]}  {testbench.processor_0.dca.dm.internal_response[15:0][1:0][3:0]}  {testbench.processor_0.dca.dm.internal_response_in[15:0][1:0][3:0]}  {testbench.processor_0.dca.dm.internal_load_inst[15:0][1:0]}  {testbench.processor_0.dca.dm.internal_load_inst_in[15:0][1:0]}  {testbench.processor_0.dca.dm.internal_store_inst[15:0][1:0]}  {testbench.processor_0.dca.dm.internal_store_inst_in[15:0][1:0]}  {testbench.processor_0.dca.dm.read_data[63:0]}  {testbench.processor_0.dca.dm.internal_way[15:0]}  {testbench.processor_0.dca.dm.internal_way_next[15:0]}   }
gui_open_window Wave
gui_list_add -id Wave.1 -from Data.1 { testbench.processor_0.dca.dm.clock testbench.processor_0.dca.dm.reset {testbench.processor_0.dca.dm.index_in[3:0]} {testbench.processor_0.dca.dm.tag_in[56:0]} testbench.processor_0.dca.dm.read_enable testbench.processor_0.dca.dm.write_enable {testbench.processor_0.dca.dm.write_data_in[63:0]} {testbench.processor_0.dca.dm.mem_response[3:0]} {testbench.processor_0.dca.dm.mem_tag[3:0]} {testbench.processor_0.dca.dm.load_data_in[63:0]} {testbench.processor_0.dca.dm.store_data_out[63:0]} testbench.processor_0.dca.dm.data_is_valid testbench.processor_0.dca.dm.data_is_dirty testbench.processor_0.dca.dm.data_is_miss testbench.processor_0.dca.dm.cache_is_full {testbench.processor_0.dca.dm.data_out[63:0]} {testbench.processor_0.dca.dm.internal_data[15:0][1:0][63:0]} {testbench.processor_0.dca.dm.internal_data_in[15:0][1:0][63:0]} {testbench.processor_0.dca.dm.internal_tag[15:0][1:0][56:0]} {testbench.processor_0.dca.dm.internal_tag_in[15:0][1:0][56:0]} {testbench.processor_0.dca.dm.internal_valid[15:0][1:0]} {testbench.processor_0.dca.dm.internal_valid_in[15:0][1:0]} {testbench.processor_0.dca.dm.internal_dirty[15:0][1:0]} {testbench.processor_0.dca.dm.internal_dirty_in[15:0][1:0]} {testbench.processor_0.dca.dm.internal_response[15:0][1:0][3:0]} {testbench.processor_0.dca.dm.internal_response_in[15:0][1:0][3:0]} {testbench.processor_0.dca.dm.internal_load_inst[15:0][1:0]} {testbench.processor_0.dca.dm.internal_load_inst_in[15:0][1:0]} {testbench.processor_0.dca.dm.internal_store_inst[15:0][1:0]} {testbench.processor_0.dca.dm.internal_store_inst_in[15:0][1:0]} {testbench.processor_0.dca.dm.read_data[63:0]} {testbench.processor_0.dca.dm.internal_way[15:0]} {testbench.processor_0.dca.dm.internal_way_next[15:0]} } -insertionbar
gui_sim_continue  
gui_wv_scroll_hslidermove -id  Wave.1 0
gui_marker_move -id  Wave.1 C1 305
gui_zoom -window Wave.1 -factor 0.5
gui_zoom -window Wave.1 -factor 0.5
gui_zoom -window Wave.1 -factor 0.5
gui_wv_scrollright -id  Wave.1  line
gui_wv_scrollright -id  Wave.1  line
gui_wv_scrollright -id  Wave.1  line
gui_wv_scrollright -id  Wave.1  line
gui_wv_scrollright -id  Wave.1  line
gui_wv_scrollright -id  Wave.1  line
gui_zoom -window Wave.1 -factor 0.5
gui_marker_move -id  Wave.1 C1 4541
gui_wv_scrollright -id  Wave.1  line
gui_wv_scrollright -id  Wave.1  line
gui_wv_scrollright -id  Wave.1  line
gui_wv_scrollright -id  Wave.1  line
gui_list_select -id Hier.1 -current_item_name testbench.processor_0.dca.dm -current_item_type Scope  -selected  {  }
gui_list_select -id Hier.1 -current_item_name testbench.processor_0.dca.dc -current_item_type Scope  -selected  { testbench.processor_0.dca.dc   }
gui_list_select -id Hier.1 -current_item_name testbench.processor_0.dca -current_item_type Scope  -selected  { testbench.processor_0.dca   }
gui_list_select -id Data.1 -selected  { {testbench.processor_0.dca.Dmem2proc_response[3:0]}   }
gui_list_select -id Data.1 { {testbench.processor_0.dca.Dmem2proc_tag[3:0]}  {testbench.processor_0.dca.Dmem2proc_data[63:0]}  {testbench.processor_0.dca.proc2Dcache_addr[63:0]}  testbench.processor_0.dca.proc2Dcache_command  {testbench.processor_0.dca.proc2Dcache_data[63:0]}  testbench.processor_0.dca.proc2Dmem_command  {testbench.processor_0.dca.proc2Dmem_addr[63:0]}  {testbench.processor_0.dca.proc2Dmem_data[63:0]}  {testbench.processor_0.dca.Dcache2proc_data[63:0]}  {testbench.processor_0.dca.Dcache2proc_tag[3:0]}  {testbench.processor_0.dca.Dcache2proc_response[3:0]}  testbench.processor_0.dca.Dcache_data_hit  {testbench.processor_0.dca.cachemem_data[63:0]}  testbench.processor_0.dca.cachemem_valid  testbench.processor_0.dca.cachemem_is_dirty  testbench.processor_0.dca.cachemem_is_miss  testbench.processor_0.dca.cachemem_is_full  {testbench.processor_0.dca.index[3:0]}  {testbench.processor_0.dca.tag[56:0]}  testbench.processor_0.dca.read_enable  testbench.processor_0.dca.write_enable  {testbench.processor_0.dca.write_data_to_Dcache[63:0]}  {testbench.processor_0.dca.mem_response[3:0]}  {testbench.processor_0.dca.mem_tag[3:0]}   }
gui_open_window Wave
gui_list_add -id Wave.2 -from Data.1 { {testbench.processor_0.dca.Dmem2proc_response[3:0]} {testbench.processor_0.dca.Dmem2proc_tag[3:0]} {testbench.processor_0.dca.Dmem2proc_data[63:0]} {testbench.processor_0.dca.proc2Dcache_addr[63:0]} testbench.processor_0.dca.proc2Dcache_command {testbench.processor_0.dca.proc2Dcache_data[63:0]} testbench.processor_0.dca.proc2Dmem_command {testbench.processor_0.dca.proc2Dmem_addr[63:0]} {testbench.processor_0.dca.proc2Dmem_data[63:0]} {testbench.processor_0.dca.Dcache2proc_data[63:0]} {testbench.processor_0.dca.Dcache2proc_tag[3:0]} {testbench.processor_0.dca.Dcache2proc_response[3:0]} testbench.processor_0.dca.Dcache_data_hit {testbench.processor_0.dca.cachemem_data[63:0]} testbench.processor_0.dca.cachemem_valid testbench.processor_0.dca.cachemem_is_dirty testbench.processor_0.dca.cachemem_is_miss testbench.processor_0.dca.cachemem_is_full {testbench.processor_0.dca.index[3:0]} {testbench.processor_0.dca.tag[56:0]} testbench.processor_0.dca.read_enable testbench.processor_0.dca.write_enable {testbench.processor_0.dca.write_data_to_Dcache[63:0]} {testbench.processor_0.dca.mem_response[3:0]} {testbench.processor_0.dca.mem_tag[3:0]} } -insertionbar
gui_close_window -window TopLevel.3
gui_list_add -id Wave.1 -from Data.1 { {testbench.processor_0.dca.Dmem2proc_response[3:0]} {testbench.processor_0.dca.Dmem2proc_tag[3:0]} {testbench.processor_0.dca.Dmem2proc_data[63:0]} {testbench.processor_0.dca.proc2Dcache_addr[63:0]} {testbench.processor_0.dca.proc2Dcache_command[1:0]} {testbench.processor_0.dca.proc2Dcache_data[63:0]} {testbench.processor_0.dca.proc2Dmem_command[1:0]} {testbench.processor_0.dca.proc2Dmem_addr[63:0]} {testbench.processor_0.dca.proc2Dmem_data[63:0]} {testbench.processor_0.dca.Dcache2proc_data[63:0]} {testbench.processor_0.dca.Dcache2proc_tag[3:0]} {testbench.processor_0.dca.Dcache2proc_response[3:0]} testbench.processor_0.dca.Dcache_data_hit {testbench.processor_0.dca.cachemem_data[63:0]} testbench.processor_0.dca.cachemem_valid testbench.processor_0.dca.cachemem_is_dirty testbench.processor_0.dca.cachemem_is_miss testbench.processor_0.dca.cachemem_is_full {testbench.processor_0.dca.index[3:0]} {testbench.processor_0.dca.tag[56:0]} testbench.processor_0.dca.read_enable testbench.processor_0.dca.write_enable {testbench.processor_0.dca.write_data_to_Dcache[63:0]} {testbench.processor_0.dca.mem_response[3:0]} {testbench.processor_0.dca.mem_tag[3:0]} } -insertionbar
gui_sim_restart
gui_set_pref_value -category {Source} -key {value_annotate} -value {false}
gui_set_pref_value -category {Source} -key {value_annotate} -value {true}
gui_sim_continue  
gui_wv_scroll_hslidermove -id  Wave.1 1339
gui_wv_scroll_hslidermove -id  Wave.1 0
gui_marker_move -id  Wave.1 C1 4541
gui_marker_move -id  Wave.1 C1 4360
gui_marker_move -id  Wave.1 C1 4520
gui_list_select -id Wave.1 -selected  { {testbench.processor_0.dca.dm.internal_way[15:0]}   }
gui_list_select -id Wave.1 -selected  { testbench.processor_0.dca.Dcache_data_hit   }
gui_list_select -id Wave.1 -selected  { {testbench.processor_0.dca.Dcache2proc_response[3:0]}   }
gui_marker_move -id  Wave.1 C1 4824
gui_list_select -id Wave.1 -selected  { {testbench.processor_0.dca.proc2Dmem_addr[63:0]}   }
gui_list_select -id Wave.1 -selected  { {testbench.processor_0.dca.proc2Dmem_command[1:0]}   }
gui_wv_scrollright -id  Wave.1  line
gui_wv_scrollright -id  Wave.1  line
gui_wv_scrollright -id  Wave.1  line
gui_wv_scrollright -id  Wave.1  line
gui_wv_scrollright -id  Wave.1  line
gui_wv_scrollright -id  Wave.1  line
gui_wv_scrollright -id  Wave.1  line
gui_wv_scrollright -id  Wave.1  line
gui_wv_scrollright -id  Wave.1  line
gui_wv_scrollright -id  Wave.1  line
gui_wv_scrollright -id  Wave.1  line
gui_wv_scrollright -id  Wave.1  line
gui_wv_scrollright -id  Wave.1  line
gui_wv_scrollright -id  Wave.1  line
gui_wv_scrollright -id  Wave.1  line
gui_wv_scrollright -id  Wave.1  line
gui_wv_scrollright -id  Wave.1  line
gui_wv_scrollright -id  Wave.1  line
gui_wv_scrollright -id  Wave.1  line
gui_wv_scrollright -id  Wave.1  line
gui_wv_scrollright -id  Wave.1  line
gui_wv_scrollright -id  Wave.1  line
gui_wv_scrollright -id  Wave.1  line
gui_wv_scrollright -id  Wave.1  line
gui_wv_scrollright -id  Wave.1  line
gui_wv_scrollright -id  Wave.1  line
gui_wv_scrollright -id  Wave.1  line
gui_wv_scrollright -id  Wave.1  line
gui_wv_scrollright -id  Wave.1  line
gui_wv_scrollright -id  Wave.1  line
gui_wv_scrollleft -id  Wave.1  line
gui_wv_scrollleft -id  Wave.1  line
gui_wv_scrollleft -id  Wave.1  line
gui_wv_scrollleft -id  Wave.1  line
gui_wv_scrollleft -id  Wave.1  line
gui_wv_scrollleft -id  Wave.1  line
gui_wv_scrollleft -id  Wave.1  line
gui_wv_scrollleft -id  Wave.1  line
gui_wv_scrollleft -id  Wave.1  line
gui_wv_scrollleft -id  Wave.1  line
gui_wv_scrollleft -id  Wave.1  line
gui_wv_scrollleft -id  Wave.1  line
gui_wv_scrollleft -id  Wave.1  line
gui_wv_scrollleft -id  Wave.1  line
gui_wv_scrollleft -id  Wave.1  line
gui_wv_scrollleft -id  Wave.1  line
gui_wv_scrollleft -id  Wave.1  line
gui_wv_scrollleft -id  Wave.1  line
gui_wv_scrollleft -id  Wave.1  line
gui_wv_scrollleft -id  Wave.1  line
gui_wv_scrollleft -id  Wave.1  line
gui_wv_scrollleft -id  Wave.1  line
gui_wv_scrollleft -id  Wave.1  line
gui_wv_scrollleft -id  Wave.1  line
gui_wv_scrollleft -id  Wave.1  line
gui_wv_scrollleft -id  Wave.1  line
gui_wv_scrollleft -id  Wave.1  line
gui_wv_scrollleft -id  Wave.1  line
gui_wv_scrollleft -id  Wave.1  line
gui_wv_scrollleft -id  Wave.1  line
gui_wv_scrollleft -id  Wave.1  line
gui_wv_scrollleft -id  Wave.1  line
gui_wv_scrollleft -id  Wave.1  line
gui_wv_scrollleft -id  Wave.1  line
gui_wv_scrollleft -id  Wave.1  line
gui_wv_scrollleft -id  Wave.1  line
