set ucliGUI::state
set ucliGUI::state
ucliCore::getToolPID
synopsys::env hasTB
trigger_hier_stack_context_switch 0
synUtils::setDVEInitPhase 1
synopsys::dump -type VPD -file /home/zyuxuan/classes/eecs470/projects/project4/group7f15/two_threads/inter.vpd -locking
synopsys::dump -autoflush on -fid VPD0
set ::dve_fid VPD0
synUtils::setDVEInitPhase 0
ucliCore::getToolPID
synUtils::sendTool -active _icl_setToolSocket /tmp/smlnp0UfJ19
synUtils::sendTool -active {_icl_start_rpc -version "K-2015.09_Full64" -sync_file /tmp/vcs_dve_rpc.zyuxuan.6462}
synUtils::sendTool -active {_icl_createSharedMemory /tmp/vcs_dve_general.zyuxuan.6462}
ucliGUI::vpdAddHierarchy -scope testbench -depth 1 -file /home/zyuxuan/classes/eecs470/projects/project4/group7f15/two_threads/inter.vpd; synopsys::dump -flush VPD0
ucliGUI::getSignalValues -scope testbench -radix {binary binary hexadecimal hexadecimal symbolic symbolic hexadecimal hexadecimal hexadecimal hexadecimal hexadecimal hexadecimal hexadecimal hexadecimal hexadecimal hexadecimal hexadecimal hexadecimal hexadecimal hexadecimal hexadecimal hexadecimal hexadecimal binary hexadecimal hexadecimal binary binary hexadecimal hexadecimal binary hexadecimal hexadecimal hexadecimal hexadecimal binary binary } -list {clock reset {clock_count[31:0]} {instr_count[31:0]} {wb_fileno1[31:0]} {wb_fileno2[31:0]} {mem2proc_response[3:0]} {mem2proc_data[63:0]} {mem2proc_tag[3:0]} {mem2proc_response1[3:0]} {mem2proc_data1[63:0]} {mem2proc_tag1[3:0]} {mem2proc_response2[3:0]} {mem2proc_data2[63:0]} {mem2proc_tag2[3:0]} proc2mem_command {proc2mem_addr[63:0]} {proc2mem_data[63:0]} proc2mem_command1 {proc2mem_addr1[63:0]} {proc2mem_data1[63:0]} {pipeline_completed_insts[3:0]} {pipeline_error_status[3:0]} ROB_commit1_valid {PRF_writeback_value1[63:0]} {ROB_commit1_arn_dest[4:0]} ROB_commit1_wr_en ROB_commit2_valid {PRF_writeback_value2[63:0]} {ROB_commit2_arn_dest[4:0]} ROB_commit2_wr_en {PC_proc2Imem_addr[63:0]} {PC_proc2Imem_addr_previous[63:0]} {PC_inst1[31:0]} {PC_inst2[31:0]} PC_inst1_valid PC_inst2_valid }
config endofsim noexit
config onfail enable all
config syscaddplainmembers
config syscaddsourcenames
config syscaddstructtypes
synopsys::listing -disable
ucliGUI::getSignalValues -scope testbench -radix {binary binary hexadecimal hexadecimal hexadecimal hexadecimal hexadecimal hexadecimal hexadecimal hexadecimal } -list {ROB_commit1_is_thread1 ROB_commit2_is_thread1 fu_next_inst_pc_out RS_EX_op_type RS_EX_alu_func fu_inst_pc_out EX_alu_func_out EX_rs_op_type_out {EX_RS_fu_is_available[5:0]} {EX_CDB_fu_result_is_valid[5:0]} }
ucliGUI::getSignalValues -scope testbench -radix {hexadecimal hexadecimal } -list {{ROB_commit1_pc[63:0]} {ROB_commit2_pc[63:0]} }
