# Preference setting overrides
gui_create_pref_key -category {Globals} -key {load_detail_for_funcov} -value_type {bool} -value {false}
gui_create_pref_category -category {schem_obj_name}
gui_create_pref_key -category {schem_obj_name} -key {show_cell_and_pin_with_symbol_name} -value_type {bool} -value {false}
gui_create_pref_key -category {schem_pin_hc} -key {textExtFont} -value_type {string} -value {Helvetica,10,-1,5,50,0,0,0,0,0}

# State setting overrides
gui_state_default_create -off -ini
gui_set_state_value -category Globals -key recent_sessions -value {{gui_load_session -ignore_errors -file /home/tianmili/classes/eecs470/projects/project4/two_threads_rrat.tcl} {gui_load_session -ignore_errors -file /home/tianmili/classes/eecs470/projects/project4/two_threads_rrat.tcl -ignore_errors} {gui_load_session -ignore_errors -file /home/tianmili/classes/eecs470/projects/project4/test_two_thread_pc.tcl} {gui_load_session -ignore_errors -file /home/tianmili/classes/eecs470/projects/project4/test_two_thread_pc.tcl -ignore_errors} {gui_load_session -ignore_errors -file /home/tianmili/classes/eecs470/projects/project4/test_prf_rename.tcl}}
gui_set_state_value -category Layout -key child_console_size_x -value 2499
gui_set_state_value -category Layout -key child_console_size_y -value 148
gui_set_state_value -category Layout -key child_data_coltype -value 206
gui_set_state_value -category Layout -key child_data_colvalue -value 182
gui_set_state_value -category Layout -key child_data_colvariable -value 358
gui_set_state_value -category Layout -key child_data_size_x -value 707
gui_set_state_value -category Layout -key child_data_size_y -value 1122
gui_set_state_value -category Layout -key child_driver_size_x -value 1534
gui_set_state_value -category Layout -key child_driver_size_y -value 179
gui_set_state_value -category Layout -key child_hier_col3 -value {-1}
gui_set_state_value -category Layout -key child_hier_colhier -value 216
gui_set_state_value -category Layout -key child_hier_colpd -value 0
gui_set_state_value -category Layout -key child_hier_coltype -value 111
gui_set_state_value -category Layout -key child_hier_size_x -value 305
gui_set_state_value -category Layout -key child_hier_size_y -value 1122
gui_set_state_value -category Layout -key child_list_down -value 1134
gui_set_state_value -category Layout -key child_list_right -value 2344
gui_set_state_value -category Layout -key child_schematic_docknewline -value false
gui_set_state_value -category Layout -key child_schematic_pos_x -value {-2}
gui_set_state_value -category Layout -key child_schematic_pos_y -value {-15}
gui_set_state_value -category Layout -key child_schematic_size_x -value 2156
gui_set_state_value -category Layout -key child_schematic_size_y -value 1095
gui_set_state_value -category Layout -key child_source_docknewline -value false
gui_set_state_value -category Layout -key child_source_pos_x -value {-2}
gui_set_state_value -category Layout -key child_source_pos_y -value {-18}
gui_set_state_value -category Layout -key child_source_size_x -value 1490
gui_set_state_value -category Layout -key child_source_size_y -value 1118
gui_set_state_value -category Layout -key child_wave_colname -value 360
gui_set_state_value -category Layout -key child_wave_colvalue -value 361
gui_set_state_value -category Layout -key child_wave_left -value 725
gui_set_state_value -category Layout -key child_wave_right -value 1768
gui_set_state_value -category Layout -key main_pos_x -value 1
gui_set_state_value -category Layout -key main_pos_y -value 32
gui_set_state_value -category Layout -key main_size_x -value 2500
gui_set_state_value -category Layout -key main_size_y -value 1391
gui_set_state_value -category Layout -key stand_list_child_docknewline -value false
gui_set_state_value -category Layout -key stand_list_child_pos_x -value {-2}
gui_set_state_value -category Layout -key stand_list_child_pos_y -value {-15}
gui_set_state_value -category Layout -key stand_list_child_size_x -value 2504
gui_set_state_value -category Layout -key stand_list_child_size_y -value 1279
gui_set_state_value -category Layout -key stand_list_top_pos_x -value 59
gui_set_state_value -category Layout -key stand_list_top_pos_y -value 54
gui_set_state_value -category Layout -key stand_list_top_size_x -value 2558
gui_set_state_value -category Layout -key stand_list_top_size_y -value 1413
gui_set_state_value -category Layout -key stand_source_child_docknewline -value false
gui_set_state_value -category Layout -key stand_source_child_pos_x -value {-2}
gui_set_state_value -category Layout -key stand_source_child_pos_y -value {-18}
gui_set_state_value -category Layout -key stand_source_child_size_x -value 2503
gui_set_state_value -category Layout -key stand_source_child_size_y -value 1265
gui_set_state_value -category Layout -key stand_source_top_pos_x -value 1
gui_set_state_value -category Layout -key stand_source_top_pos_y -value 55
gui_set_state_value -category Layout -key stand_source_top_size_x -value 2499
gui_set_state_value -category Layout -key stand_source_top_size_y -value 1413
gui_set_state_value -category Layout -key stand_wave_child_docknewline -value false
gui_set_state_value -category Layout -key stand_wave_child_pos_x -value {-2}
gui_set_state_value -category Layout -key stand_wave_child_pos_y -value {-18}
gui_set_state_value -category Layout -key stand_wave_child_size_x -value 2503
gui_set_state_value -category Layout -key stand_wave_child_size_y -value 1265
gui_set_state_value -category Layout -key stand_wave_top_pos_x -value 18
gui_set_state_value -category Layout -key stand_wave_top_pos_y -value 86
gui_set_state_value -category Layout -key stand_wave_top_size_x -value 2516
gui_set_state_value -category Layout -key stand_wave_top_size_y -value 1444
gui_set_state_value -category SaveSession -key single_view_name -value Wave.1
gui_set_state_value -category SaveSession -key toplevel_window_name -value TopLevel.2
gui_create_state_key -category FindDialog -key m_pMatchCase -value_type bool -value false
gui_create_state_key -category FindDialog -key m_pMatchWord -value_type bool -value false
gui_create_state_key -category FindDialog -key m_pUseCombo -value_type string -value {}
gui_create_state_key -category FindDialog -key m_pWrapAround -value_type bool -value true
gui_create_state_key -category Widget_History -key TopLevel.1|qt_left_dock|DockWnd2|DLPane.1|pages|Data.1|hbox|textfilter -value_type string -value {internal_prf_available mem2proc_data proc2mem_addr PC_stall}
gui_create_state_key -category Widget_History -key TopLevel.1|qt_left_dock|DockWnd4|DLPane.1|pages|Data.1|hbox|textfilter -value_type string -value {is_one_thread current_thread_state rob2_internal_is_ex_out proc2Imem_addr2}
gui_state_default_create -off

# Begin command logging
gui_sim_run Ucli -exe dve -args {-ucligui  +vc +define+ +memcbk} -dir .
set DIALOGS::LOADFILEDIR [file dirname /home/tianmili/classes/eecs470/projects/project4/test_two_thread_pc.tcl]; gui_load_session -ignore_errors -file /home/tianmili/classes/eecs470/projects/project4/test_two_thread_pc.tcl
gui_sim_continue  
gui_wv_scroll_hslidermove -id  Wave.1 125607
gui_wv_scrollright -id  Wave.1  line
gui_wv_scrollright -id  Wave.1  line
gui_wv_scrollright -id  Wave.1  line
gui_wv_scrollright -id  Wave.1  line
gui_wv_scrollright -id  Wave.1  line
gui_wv_scrollright -id  Wave.1  line
gui_wv_scrollright -id  Wave.1  line
gui_wv_scrollright -id  Wave.1  line
gui_wv_scrollright -id  Wave.1  line
gui_wv_scrollright -id  Wave.1  line
gui_wv_scrollright -id  Wave.1  line
gui_wv_scrollright -id  Wave.1  line
gui_wv_scrollright -id  Wave.1  line
gui_wv_scrollright -id  Wave.1  line
gui_wv_scrollright -id  Wave.1  line
gui_wv_scrollright -id  Wave.1  line
gui_wv_scrollright -id  Wave.1  line
gui_wv_scrollright -id  Wave.1  line
gui_wv_scrollright -id  Wave.1  line
gui_wv_scrollright -id  Wave.1  line
gui_wv_scrollright -id  Wave.1  line
gui_marker_move -id  Wave.1 C1 59750
gui_marker_move -id  Wave.1 C1 59734
gui_marker_move -id  Wave.1 C1 59710
gui_wv_scrollleft -id  Wave.1  line
gui_wv_scrollleft -id  Wave.1  line
gui_wv_scrollleft -id  Wave.1  line
gui_wv_scrollleft -id  Wave.1  line
gui_wv_scrollleft -id  Wave.1  line
gui_wv_scrollleft -id  Wave.1  line
gui_wv_scrollleft -id  Wave.1  line
gui_wv_scrollleft -id  Wave.1  line
gui_wv_scrollleft -id  Wave.1  line
gui_wv_scrollleft -id  Wave.1  line
gui_wv_scrollleft -id  Wave.1  line
gui_wv_scrollleft -id  Wave.1  line
gui_wv_scrollleft -id  Wave.1  line
gui_wv_scrollleft -id  Wave.1  line
gui_wv_scrollleft -id  Wave.1  line
gui_wv_scrollleft -id  Wave.1  line
gui_wv_scrollleft -id  Wave.1  line
gui_wv_scrollleft -id  Wave.1  line
gui_wv_scrollleft -id  Wave.1  line
gui_wv_scrollleft -id  Wave.1  line
gui_wv_scrollleft -id  Wave.1  line
gui_wv_scrollleft -id  Wave.1  line
gui_wv_scrollleft -id  Wave.1  line
gui_wv_scrollleft -id  Wave.1  line
gui_wv_scrollleft -id  Wave.1  line
gui_wv_scrollleft -id  Wave.1  line
gui_wv_scrollleft -id  Wave.1  line
gui_wv_scrollleft -id  Wave.1  line
gui_wv_scrollleft -id  Wave.1  line
gui_wv_scrollleft -id  Wave.1  line
gui_wv_scrollleft -id  Wave.1  line
gui_wv_scrollleft -id  Wave.1  line
gui_wv_scrollleft -id  Wave.1  line
gui_marker_move -id  Wave.1 C1 58092
gui_marker_move -id  Wave.1 C1 58305
gui_marker_move -id  Wave.1 C1 58103
gui_marker_move -id  Wave.1 C1 58306
gui_marker_move -id  Wave.1 C1 58014
gui_list_collapse -id  Hier.1   testbench.processor_0.prf1
gui_list_select -id Hier.1 -current_item_name testbench.processor_0.rob1 -current_item_type Scope  -selected  { testbench.processor_0.rob1   }
gui_list_set_filter -id Data.1 -text {*inst1_prn_dest_in}
gui_list_select -id Data.1 -selected  { {testbench.processor_0.rob1.inst1_prn_dest_in[5:0]}   }
gui_list_add -id Wave.1 -from Data.1 { {testbench.processor_0.rob1.inst1_prn_dest_in[5:0]} } -insertionbar
gui_list_set_filter -id Data.1 -text {*inst2_prn_dest_in}
gui_list_select -id Data.1 -selected  { {testbench.processor_0.rob1.inst2_prn_dest_in[5:0]}   }
gui_list_add -id Wave.1 -from Data.1 { {testbench.processor_0.rob1.inst2_prn_dest_in[5:0]} } -insertionbar
gui_list_select -id Wave.1 -selected  { {testbench.processor_0.rob1.inst1_prn_dest_in[5:0]}   }
gui_list_select -id Wave.1 -selected  { {testbench.processor_0.rob1.inst1_prn_dest_in[5:0]}  {testbench.processor_0.rob1.inst2_prn_dest_in[5:0]}   }
gui_list_move  -id  Wave.1    -sid  Wave.1   -after {testbench.processor_0.rob1.t2_tail[3:0]} {{testbench.processor_0.rob1.inst1_prn_dest_in[5:0]} {testbench.processor_0.rob1.inst2_prn_dest_in[5:0]}} 
gui_list_expand -id  Hier.1   testbench.processor_0.prf1
gui_list_select -id Hier.1 -current_item_name {testbench.processor_0.prf1.prf2[0]} -current_item_type Scope  -selected  { {testbench.processor_0.prf1.prf2[0]}   }
gui_list_collapse -id  Hier.1   testbench.processor_0.prf1
gui_list_select -id Hier.1 -current_item_name testbench.processor_0.prf1 -current_item_type Scope  -selected  { testbench.processor_0.prf1   }
gui_list_set_filter -id Data.1 -reset
gui_list_select -id Data.1 -selected  { {testbench.processor_0.prf1.internal_prf_available[47:0]}   }
gui_list_add -id Wave.1 -from Data.1 { {testbench.processor_0.prf1.internal_prf_available[47:0]} } -insertionbar
gui_list_expand -id  Wave.1   {testbench.processor_0.prf1.internal_prf_available[47:0]}
gui_list_collapse -id  Wave.1   {testbench.processor_0.prf1.internal_prf_available[47:0]}
gui_marker_move -id  Wave.1 C1 58285
gui_list_expand -id  Wave.1   {testbench.processor_0.prf1.internal_prf_available[47:0]}
gui_wv_scroll_hslidermove -id  Wave.1 124806
gui_list_set_filter -id Data.1 -text {inst1_prn_dest_in}
