Chronologic VCS simulator copyright 1991-2015
Contains Synopsys proprietary information.
Compiler version K-2015.09_Full64; Runtime version K-2015.09_Full64;  Dec  6 00:00 2015
VCD+ Writer K-2015.09_Full64 Copyright (c) 1991-2015 by Synopsys Inc.
The file '/home/tianmili/classes/eecs470/projects/project4/group7f15/two_threads/inter.vpd' was opened successfully.
           V C S   S i m u l a t i o n   R e p o r t 
Time: 000 ps
CPU Time:      0.070 seconds;       Data structure size:   0.6Mb
Sun Dec  6 00:00:28 2015
Chronologic VCS simulator copyright 1991-2015
Contains Synopsys proprietary information.
Compiler version K-2015.09_Full64; Runtime version K-2015.09_Full64;  Dec  6 00:00 2015
VCD+ Writer K-2015.09_Full64 Copyright (c) 1991-2015 by Synopsys Inc.
The file '/home/tianmili/classes/eecs470/projects/project4/group7f15/two_threads/inter.vpd' was opened successfully.
@@
@@
@@                     0  Asserting System reset......
@@
@@                     0 : System STILL at reset, can't show anything
@@
@@
@@                   100 : System STILL at reset, can't show anything
@@
@@
@@                   200 : System STILL at reset, can't show anything
@@
@@
@@                   300 : System STILL at reset, can't show anything
@@
@@                   360  Deasserting System reset......
@@
@@
@@@
@@
@@  5000 cycles / 556 instrs = 8.992806 CPI
@@
@@  149970.00 ns total time to execute
@@

$finish called from file "test_bench/twothreads_testbench_pr.v", line 329.
$finish at simulation time               500360
Simulation complete, time is 50036000 ps.
