23:56:18    913 --> ...                                                      [tcl] ucliGUI::start /home/tianmili/classes/eecs470/projects/project4/group7f15/two_threads/dve -ucligui +vc +define+ +memcbk
23:56:18    914 --> ...                                                          [tcl] set ucliGUI::state
23:56:18    915 --> ...                                                              [tcl] gui_update_simulator_buttons
23:56:19    916 --> ...                                                                  [tcl] set ucliGUI::state
23:56:19    917 --> ...                                                                      [tcl] ucliCore::getToolPID
23:56:19    918 --> ...                                                                          [tcl] synopsys::env hasTB
23:56:19    919 --> ...                                                                              [tcl] trigger_hier_stack_context_switch 0
23:56:19    920 --> ...                                                                                  [tcl] synUtils::setDVEInitPhase 1
23:56:19    921 --> ...                                                                                      [tcl] gui_get_env SIMSETUP::SIMVPD
23:56:19    922 --> ...                                                                                          [tcl] synopsys::dump -type VPD -file /home/tianmili/classes/eecs470/projects/project4/group7f15/two_threads/inter.vpd -locking
23:56:19    923 --> ...                                                                                              [tcl] synopsys::dump -autoflush on -fid VPD6
23:56:19    924 --> ...                                                                                                  [tcl] set ::dve_fid VPD6
23:56:19    925 --> ...  [tcl] synUtils::setDVEInitPhase 0
23:56:19    926 --> ...      [tcl] ucliCore::getToolPID
23:56:19    927 --> ...          [tcl] synUtils::sendTool -active _icl_setToolSocket /tmp/smlnprBU15F
23:56:19    928 --> ...              [tcl] synUtils::sendTool -active {_icl_start_rpc -version "K-2015.09_Full64" -sync_file /tmp/vcs_dve_rpc.tianmili.17942}
23:56:19    929 --> ...                  [tcl] synUtils::sendTool -active {_icl_createSharedMemory /tmp/vcs_dve_general.tianmili.17942}
23:56:19    930 --> ...                      [tcl] config endofsim noexit
23:56:19    931 --> ...                          [tcl] config onfail enable all
23:56:19    932 --> ...                              [tcl] config syscaddplainmembers
23:56:19    933 --> ...                                  [tcl] config syscaddsourcenames
23:56:19    934 --> ...                                      [tcl] config syscaddstructtypes
23:56:19    935 --> ...                                          [tcl] synopsys::listing -disable
23:56:19    936 --> ...                                              [tcl] # Begin_DVE_Session_Save_Info
23:56:19    937 --> ...                                                  [tcl] # DVE restart session
23:56:19    938 --> ...                                                      [tcl] # Saved on Tue Dec 8 23:56:18 2015
23:56:19    939 --> ...                                                          [tcl] # Designs open: 1
23:56:19    940 --> ...                                                              [tcl] #   Sim: /home/tianmili/classes/eecs470/projects/project4/group7f15/two_threads/dve
23:56:19    941 --> ...                                                                  [tcl] # Toplevel windows open: 2
23:56:19    942 --> ...                                                                      [tcl] # 	TopLevel.1
23:56:19    943 --> ...                                                                          [tcl] # 	TopLevel.2
23:56:19    944 --> ...                                                                              [tcl] #   Source.1: _vcs_unit__497791245
23:56:19    945 --> ...                                                                                  [tcl] #   Wave.1: 52 signals
23:56:19    946 --> ...                                                                                      [tcl] #   Group count = 1
23:56:19    947 --> ...                                                                                          [tcl] #   Group Group1 signal count = 52
23:56:19    948 --> ...                                                                                              [tcl] # End_DVE_Session_Save_Info
23:56:19    949 --> ...                                                                                                  [tcl] # DVE version: K-2015.09_Full64
23:56:19    950 --> ...  [tcl] # DVE build date: Aug 25 2015 21:36:02
23:56:19    951 --> ...      [tcl] #<Session mode="Restart" path=".restartSimSession.tcl" type="Debug">
23:56:19    952 --> ...          [tcl] gui_set_loading_session_type Restart
23:56:19    953 --> ...              [tcl] gui_continuetime_set
23:56:19    954 --> ...                  [tcl] gui_clear_window -type Wave
23:56:19    955 --> ...                      [tcl] gui_clear_window -type List
23:56:19    956 --> ...                          [tcl] # Application preferences
23:56:19    957 --> ...                              [tcl] gui_set_pref_value -key app_default_font -value {Helvetica,10,-1,5,50,0,0,0,0,0}
23:56:19    958 --> ...                                  [tcl] gui_src_preferences -tabstop 8 -maxbits 24 -windownumber 1
23:56:19    959 --> ...                                      [tcl] #<WindowLayout>
23:56:19    960 --> ...                                          [tcl] # DVE top-level session
23:56:19    961 --> ...                                              [tcl] # Create and position top-level window: TopLevel.1
23:56:19    962 --> ...                                                  [tcl] set TopLevel.1 TopLevel.1
23:56:19    963 --> ...                                                      [tcl] # Docked window settings
23:56:19    964 --> ...                                                          [tcl] set HSPane.1 HSPane.1
23:56:19    965 --> ...                                                              [tcl] set Hier.1 Hier.1
23:56:19    966 --> ...                                                                  [tcl] set DLPane.1 DLPane.1
23:56:19    967 --> ...                                                                      [tcl] set Data.1 Data.1
23:56:19    968 --> ...                                                                          [tcl] set Console.1 Console.1
23:56:19    969 --> ...                                                                              [tcl] gui_sync_global -id ${TopLevel.1} -option true
23:56:19    970 --> ...                                                                                  [tcl] # MDI window settings
23:56:19    971 --> ...                                                                                      [tcl] set Source.1 Source.1
23:56:19    972 --> ...                                                                                          [tcl] gui_update_layout -id ${Source.1} {{show_state maximized} {dock_state undocked} {dock_on_new_line false}}
23:56:19    973 --> ...                                                                                              [tcl] # End MDI window settings
23:56:19    974 --> ...                                                                                                  [tcl] # Create and position top-level window: TopLevel.2
23:56:19    975 --> ...  [tcl] set TopLevel.2 TopLevel.2
23:56:19    976 --> ...      [tcl] # Docked window settings
23:56:19    977 --> ...          [tcl] gui_sync_global -id ${TopLevel.2} -option true
23:56:19    978 --> ...              [tcl] # MDI window settings
23:56:19    979 --> ...                  [tcl] set Wave.1 Wave.1
23:56:19    980 --> ...                      [tcl] gui_update_layout -id ${Wave.1} {{show_state maximized} {dock_state undocked} {dock_on_new_line false} {child_wave_left 742} {child_wave_right 1812} {child_wave_colname 368} {child_wave_colvalue 370} {child_wave_col1 0} {child_wave_col2 1}}
23:56:19    981 --> ...                          [tcl] # End MDI window settings
23:56:19    982 --> ...                              [tcl] #</WindowLayout>
23:56:19    983 --> ...                                  [tcl] #<Database>
23:56:19    984 --> ...                                      [tcl] gui_set_precision 100ps
23:56:19    985 --> ...                                          [tcl] gui_set_time_units 100ps
23:56:19    986 --> ...                                              [tcl] #</Database>
23:56:19    987 --> ...                                                  [tcl] # DVE Global setting session:
23:56:19    988 --> ...                                                      [tcl] # Global: Breakpoints
23:56:19    989 --> ...                                                          [tcl] # Global: Bus
23:56:19    990 --> ...                                                              [tcl] # Global: Expressions
23:56:19    991 --> ...                                                                  [tcl] # Global: Signal Time Shift
23:56:19    992 --> ...                                                                      [tcl] # Global: Signal Compare
23:56:19    993 --> ...                                                                          [tcl] # Global: Signal Groups
23:56:19    994 --> ...                                                                              [tcl] gui_load_child_values {testbench.processor_0}
23:56:19    995 --> ...                                                                                  [tcl] synopsys::dump -add {testbench.processor_0} -scope "." -depth 1 -fid VPD6
23:56:19    996 --> ...                                                                                      [tcl] set _session_group_6 Group1
23:56:19    997 --> ...                                                                                          [tcl] gui_sg_create "$_session_group_6"
23:56:19    998 --> ...                                                                                              [tcl] set Group1 "$_session_group_6"
23:56:19    999 --> ...                                                                                                  [tcl] gui_sg_addsignal -group "$_session_group_6" { testbench.processor_0.PC_inst2 testbench.processor_0.PC_inst1 testbench.processor_0.PC_inst1_valid testbench.processor_0.PC_inst2_valid testbench.processor_0.lsq1.mem_data_out testbench.processor_0.lsq1.mem_address_out testbench.processor_0.lsq1.lsq2Dcache_command testbench.processor_0.rob1.t1_head testbench.processor_0.rob1.t2_head testbench.processor_0.rob1.t1_tail testbench.processor_0.rob1.t2_tail testbench.processor_0.lsq1.sq1_is_ready testbench.processor_0.lsq1.sq2_is_ready testbench.processor_0.clock testbench.processor_0.reset testbench.processor_0.PC_thread1_is_available testbench.processor_0.lsq1.lsq_cdb1_in testbench.processor_0.lsq1.lsq_cdb1_tag testbench.processor_0.lsq1.lsq_cdb1_valid testbench.processor_0.lsq1.lsq_cdb2_in testbench.processor_0.lsq1.lsq_cdb2_tag testbench.processor_0.lsq1.lsq_cdb2_valid testbench.processor_0.lsq1.inst1_valid testbench.processor_0.lsq1.inst1_op_type testbench.processor_0.lsq1.inst1_pc testbench.processor_0.lsq1.inst1_in testbench.processor_0.lsq1.lsq_rega_in1 testbench.processor_0.lsq1.lsq_rega_valid1 testbench.processor_0.lsq1.lsq_opa_in1 testbench.processor_0.lsq1.lsq_opb_in1 testbench.processor_0.lsq1.lsq_opb_valid1 testbench.processor_0.lsq1.lsq_rob_idx_in1 testbench.processor_0.lsq1.dest_reg_idx1 testbench.processor_0.lsq1.inst2_valid testbench.processor_0.lsq1.inst2_op_type testbench.processor_0.lsq1.inst2_pc testbench.processor_0.lsq1.inst2_in testbench.processor_0.lsq1.lsq_rega_in2 testbench.processor_0.lsq1.lsq_rega_valid2 testbench.processor_0.lsq1.lsq_opa_in2 testbench.processor_0.lsq1.lsq_opb_in2 testbench.processor_0.lsq1.lsq_opb_valid2 testbench.processor_0.lsq1.lsq_rob_idx_in2 testbench.processor_0.lsq1.dest_reg_idx2 testbench.processor_0.lsq1.cdb_dest_tag1 testbench.processor_0.lsq1.cdb_result_out1 testbench.processor_0.lsq1.cdb_result_is_valid1 testbench.processor_0.lsq1.cdb_rob_idx1 testbench.processor_0.lsq1.cdb_dest_tag2 testbench.processor_0.lsq1.cdb_result_out2 testbench.processor_0.lsq1.cdb_result_is_valid2 testbench.processor_0.lsq1.cdb_rob_idx2 }
23:56:19    1000 --> ...  [tcl] # Global: Highlighting
23:56:19    1001 --> ...      [tcl] # Global: Stack
23:56:19    1002 --> ...          [tcl] gui_change_stack_mode -mode list
23:56:19    1003 --> ...              [tcl] # Post database loading setting...
23:56:19    1004 --> ...                  [tcl] # Save global setting...
23:56:19    1005 --> ...                      [tcl] # Wave/List view global setting
23:56:19    1006 --> ...                          [tcl] gui_cov_show_value -switch false
23:56:19    1007 --> ...                              [tcl] # Close all empty TopLevel windows
23:56:19    1008 --> ...                                  [tcl] foreach __top [gui_ekki_get_window_ids -type TopLevel] {     if { [llength [gui_ekki_get_window_ids -parent $__top]] == 0} {         gui_close_window -window $__top     } }
23:56:19    1009 --> ...                                      [tcl] gui_set_loading_session_type noSession
23:56:19    1010 --> ...                                          [tcl] # DVE View/pane content session:
23:56:19    1011 --> ...                                              [tcl] # Hier 'Hier.1'
23:56:19    1012 --> ...                                                  [tcl] gui_show_window -window ${Hier.1}
23:56:19    1013 --> ...                                                      [tcl] gui_list_set_filter -id ${Hier.1} -list { {Package 1} {All 0} {Process 1} {VirtPowSwitch 0} {UnnamedProcess 1} {UDP 0} {Function 1} {Block 1} {SrsnAndSpaCell 0} {OVA Unit 1} {LeafScCell 1} {LeafVlgCell 1} {Interface 1} {LeafVhdCell 1} {$unit 1} {NamedBlock 1} {Task 1} {VlgPackage 1} {ClassDef 1} {VirtIsoCell 0} }
23:56:19    1014 --> ...                                                          [tcl] gui_list_set_filter -id ${Hier.1} -text {*}
23:56:19    1015 --> ...                                                              [tcl] gui_change_design -id ${Hier.1} -design Sim
23:56:19    1016 --> ...                                                                  [tcl] catch {gui_list_expand -id ${Hier.1} testbench}
23:56:19    1017 --> ...                                                                      [tcl] catch {gui_list_expand -id ${Hier.1} testbench.processor_0}
23:56:19    1018 --> ...                                                                          [tcl] catch {gui_list_select -id ${Hier.1} {testbench.processor_0.lsq1}}
23:56:19    1019 --> ...                                                                              [tcl] dveMisc::vbusExpand testbench.processor_0.lsq1
23:56:19    1020 --> ...                                                                                  [tcl] gui_view_scroll -id ${Hier.1} -vertical -set 0
23:56:19    1021 --> ...                                                                                      [tcl] gui_view_scroll -id ${Hier.1} -horizontal -set 0
23:56:19    1022 --> ...                                                                                          [tcl] # Data 'Data.1'
23:56:19    1023 --> ...                                                                                              [tcl] gui_list_set_filter -id ${Data.1} -list { {Buffer 1} {Input 1} {Others 1} {Linkage 1} {Output 1} {LowPower 1} {Parameter 1} {All 1} {Aggregate 1} {LibBaseMember 1} {Event 1} {Assertion 1} {Constant 1} {Interface 1} {BaseMembers 1} {Signal 1} {$unit 1} {Inout 1} {Variable 1} }
23:56:19    1024 --> ...                                                                                                  [tcl] gui_list_set_filter -id ${Data.1} -text {*}
23:56:19    1025 --> ...  [tcl] gui_list_show_data -id ${Data.1} {testbench.processor_0.lsq1}
23:56:19    1026 --> ...      [tcl] gui_show_window -window ${Data.1}
23:56:19    1027 --> ...          [tcl] catch { gui_list_select -id ${Data.1} {testbench.processor_0.lsq1.sq1_is_ready testbench.processor_0.lsq1.sq2_is_ready }}
23:56:19    1028 --> ...              [tcl] gui_view_scroll -id ${Data.1} -vertical -set 2040
23:56:19    1029 --> ...                  [tcl] gui_view_scroll -id ${Data.1} -horizontal -set 0
23:56:19    1030 --> ...                      [tcl] gui_view_scroll -id ${Hier.1} -vertical -set 0
23:56:19    1031 --> ...                          [tcl] gui_view_scroll -id ${Hier.1} -horizontal -set 0
23:56:19    1032 --> ...                              [tcl] # Source 'Source.1'
23:56:19    1033 --> ...                                  [tcl] gui_src_value_annotate -id ${Source.1} -switch false
23:56:19    1034 --> ...                                      [tcl] gui_set_env TOGGLE::VALUEANNOTATE 0
23:56:19    1035 --> ...                                          [tcl] gui_open_source -id ${Source.1}  -replace -active _vcs_unit__497791245 /home/tianmili/classes/eecs470/projects/project4/group7f15/two_threads/sys_defs.vh
23:56:19    1036 --> ...                                              [tcl] gui_view_scroll -id ${Source.1} -vertical -set 0
23:56:19    1037 --> ...                                                  [tcl] gui_src_set_reusable -id ${Source.1}
23:56:19    1038 --> ...                                                      [tcl] # View 'Wave.1'
23:56:19    1039 --> ...                                                          [tcl] gui_wv_sync -id ${Wave.1} -switch false
23:56:19    1040 --> ...                                                              [tcl] set groupExD [gui_get_pref_value -category Wave -key exclusiveSG]
23:56:19    1041 --> ...                                                                  [tcl] gui_set_pref_value -category Wave -key exclusiveSG -value {false}
23:56:19    1042 --> ...                                                                      [tcl] set origWaveHeight [gui_get_pref_value -category Wave -key waveRowHeight]
23:56:19    1043 --> ...                                                                          [tcl] gui_list_set_height -id Wave -height 25
23:56:19    1044 --> ...                                                                              [tcl] set origGroupCreationState [gui_list_create_group_when_add -wave]
23:56:19    1045 --> ...                                                                                  [tcl] gui_list_create_group_when_add -wave -disable
23:56:19    1046 --> ...                                                                                      [tcl] gui_wv_zoom_timerange -id ${Wave.1} 7480 8686
23:56:19    1047 --> ...                                                                                          [tcl] gui_list_add_group -id ${Wave.1} -after {New Group} {Group1}
23:56:19    1048 --> ...                                                                                              [tcl] ucliGUI::vpdAddHierarchy -scope testbench.processor_0.lsq1 -depth 1 -file /home/tianmili/classes/eecs470/projects/project4/group7f15/two_threads/inter.vpd; synopsys::dump -flush VPD6
23:56:19    1049 --> ...                                                                                                  [tcl] synopsys::dump -add {testbench.processor_0.lsq1.cdb_dest_tag1 testbench.processor_0.lsq1.cdb_dest_tag2 testbench.processor_0.lsq1.cdb_result_is_valid1 testbench.processor_0.lsq1.cdb_result_is_valid2 testbench.processor_0.lsq1.cdb_result_out1 testbench.processor_0.lsq1.cdb_result_out2 testbench.processor_0.lsq1.cdb_rob_idx1 testbench.processor_0.lsq1.cdb_rob_idx2 testbench.processor_0.lsq1.dest_reg_idx1 testbench.processor_0.lsq1.dest_reg_idx2 testbench.processor_0.lsq1.inst1_in testbench.processor_0.lsq1.inst1_op_type testbench.processor_0.lsq1.inst1_pc testbench.processor_0.lsq1.inst1_valid testbench.processor_0.lsq1.inst2_in testbench.processor_0.lsq1.inst2_op_type testbench.processor_0.lsq1.inst2_pc testbench.processor_0.lsq1.inst2_valid testbench.processor_0.lsq1.lsq2Dcache_command testbench.processor_0.lsq1.lsq_cdb1_in testbench.processor_0.lsq1.lsq_cdb1_tag testbench.processor_0.lsq1.lsq_cdb1_valid testbench.processor_0.lsq1.lsq_cdb2_in testbench.processor_0.lsq1.lsq_cdb2_tag testbench.processor_0.lsq1.lsq_cdb2_valid testbench.processor_0.lsq1.lsq_opa_in1 testbench.processor_0.lsq1.lsq_opa_in2 testbench.processor_0.lsq1.lsq_opb_in1 testbench.processor_0.lsq1.lsq_opb_in2 testbench.processor_0.lsq1.lsq_opb_valid1 testbench.processor_0.lsq1.lsq_opb_valid2 testbench.processor_0.lsq1.lsq_rega_in1 testbench.processor_0.lsq1.lsq_rega_in2 testbench.processor_0.lsq1.lsq_rega_valid1 testbench.processor_0.lsq1.lsq_rega_valid2 testbench.processor_0.lsq1.lsq_rob_idx_in1 testbench.processor_0.lsq1.lsq_rob_idx_in2 testbench.processor_0.lsq1.mem_address_out testbench.processor_0.lsq1.mem_data_out testbench.processor_0.lsq1.sq1_is_ready testbench.processor_0.lsq1.sq2_is_ready testbench.processor_0.rob1.t1_head testbench.processor_0.rob1.t1_tail testbench.processor_0.rob1.t2_head testbench.processor_0.rob1.t2_tail } -aggregates  -fid VPD6
23:56:19    1050 --> ...  [tcl] gui_list_select -id ${Wave.1} {testbench.processor_0.rob1.t2_tail }
23:56:19    1051 --> ...      [tcl] gui_seek_criteria -id ${Wave.1} {Any Edge}
23:56:19    1052 --> ...          [tcl] gui_set_env TOGGLE::DEFAULT_WAVE_WINDOW ${Wave.1}
23:56:19    1053 --> ...              [tcl] gui_set_pref_value -category Wave -key exclusiveSG -value $groupExD
23:56:19    1054 --> ...                  [tcl] gui_list_set_height -id Wave -height $origWaveHeight
23:56:19    1055 --> ...                      [tcl] if {$origGroupCreationState} { 	gui_list_create_group_when_add -wave -enable }
23:56:19    1056 --> ...                          [tcl] if { $groupExD } {  gui_msg_report -code DVWW028 }
23:56:19    1057 --> ...                              [tcl] gui_list_set_filter -id ${Wave.1} -list { {Buffer 1} {Input 1} {Others 1} {Linkage 1} {Output 1} {Parameter 1} {All 1} {Aggregate 1} {LibBaseMember 1} {Event 1} {Assertion 1} {Constant 1} {Interface 1} {BaseMembers 1} {Signal 1} {$unit 1} {Inout 1} {Variable 1} }
23:56:19    1058 --> ...                                  [tcl] gui_list_set_filter -id ${Wave.1} -text {*}
23:56:19    1059 --> ...                                      [tcl] gui_list_set_insertion_bar  -id ${Wave.1} -group Group1  -item {testbench.processor_0.lsq1.sq2_is_ready[7:0]} -position below
23:56:19    1060 --> ...                                          [tcl] gui_view_scroll -id ${Wave.1} -vertical -set 0
23:56:19    1061 --> ...                                              [tcl] gui_show_grid -id ${Wave.1} -enable false
23:56:19    1062 --> ...                                                  [tcl] # Restore toplevel window zorder
23:56:19    1063 --> ...                                                      [tcl] # The toplevel window could be closed if it has no view/pane
23:56:19    1064 --> ...                                                          [tcl] if {[gui_exist_window -window ${TopLevel.1}]} { 	gui_set_active_window -window ${TopLevel.1} 	gui_set_active_window -window ${Source.1} 	gui_set_active_window -window ${DLPane.1} }
23:56:19    1065 --> ...                                                              [tcl] if {[gui_exist_window -window ${TopLevel.2}]} { 	gui_set_active_window -window ${TopLevel.2} 	gui_set_active_window -window ${Wave.1} }
23:56:19    1066 --> ...                                                                  [tcl] #</Session>
23:56:20    1067 --> ...                                                                      [tcl] synopsys::run
23:56:20    1068 --> ...                                                                          [tcl] set ucliGUI::state
23:56:20    1069 --> ...                                                                              [tcl] set ucliGUI::state
23:56:21    1070 --> ...                                                                                  [tcl] gui_update_simulator_buttons
23:56:21    1071 --> ...                                                                                      [tcl] set ucliGUI::state
23:56:21    1072 --> ...                                                                                          [tcl] set ucliGUI::state
23:56:21    1073 --> ...                                                                                              [tcl] catch {senv activeDomain} dveMisc::result 
23:56:21    1074 --> ...                                                                                                  [tcl] set dveMisc::result
23:56:21    1075 --> ...  [tcl] gui_update_simulator_buttons
23:56:21    1076 --> ...      [tcl] dveMisc::vbusExpand _vcs_unit__497791245
